Analysis & Synthesis report for lc3
Thu Mar 02 19:47:14 2017
Quartus II 64-Bit Version 15.0.0 Build 145 04/22/2015 SJ Web Edition


---------------------
; Table of Contents ;
---------------------
  1. Legal Notice
  2. Analysis & Synthesis Summary
  3. Analysis & Synthesis Settings
  4. Parallel Compilation
  5. Analysis & Synthesis Source Files Read
  6. Analysis & Synthesis Resource Usage Summary
  7. Analysis & Synthesis Resource Utilization by Entity
  8. State Machine - |slc3|ISDU:state_controller|State
  9. Registers Removed During Synthesis
 10. General Register Statistics
 11. Inverted Register Statistics
 12. Multiplexer Restructuring Statistics (Restructuring Performed)
 13. Parameter Settings for User Entity Instance: test_memory:test
 14. Parameter Settings for User Entity Instance: datapath:D0|register:pc_reg
 15. Parameter Settings for User Entity Instance: datapath:D0|register:ir_reg
 16. Parameter Settings for User Entity Instance: datapath:D0|register:nzp_reg
 17. Parameter Settings for User Entity Instance: datapath:D0|sext:sext_11
 18. Parameter Settings for User Entity Instance: datapath:D0|sext:sext_9
 19. Parameter Settings for User Entity Instance: datapath:D0|sext:sext_6
 20. Parameter Settings for User Entity Instance: datapath:D0|sext:sext_5
 21. Parameter Settings for User Entity Instance: datapath:D0|register:mdr_reg
 22. Parameter Settings for User Entity Instance: datapath:D0|register:mar_reg
 23. Parameter Settings for User Entity Instance: datapath:D0|register:led
 24. Parameter Settings for User Entity Instance: tristate:tr0
 25. Port Connectivity Checks: "Mem2IO:memory_subsystem"
 26. Port Connectivity Checks: "datapath:D0|mux2:sr1mux"
 27. Port Connectivity Checks: "datapath:D0|mux2:drmux"
 28. Port Connectivity Checks: "datapath:D0|mux4:addr2mux"
 29. Port Connectivity Checks: "datapath:D0|mux4:pcmux"
 30. Port Connectivity Checks: "datapath:D0"
 31. Port Connectivity Checks: "test_memory:test"
 32. Post-Synthesis Netlist Statistics for Top Partition
 33. Elapsed Time Per Partition
 34. Analysis & Synthesis Messages
 35. Analysis & Synthesis Suppressed Messages



----------------
; Legal Notice ;
----------------
Copyright (C) 1991-2015 Altera Corporation. All rights reserved.
Your use of Altera Corporation's design tools, logic functions 
and other software and tools, and its AMPP partner logic 
functions, and any output files from any of the foregoing 
(including device programming or simulation files), and any 
associated documentation or information are expressly subject 
to the terms and conditions of the Altera Program License 
Subscription Agreement, the Altera Quartus II License Agreement,
the Altera MegaCore Function License Agreement, or other 
applicable license agreement, including, without limitation, 
that your use is for the sole purpose of programming logic 
devices manufactured by Altera and sold by Altera or its 
authorized distributors.  Please refer to the applicable 
agreement for further details.



+---------------------------------------------------------------------------------+
; Analysis & Synthesis Summary                                                    ;
+------------------------------------+--------------------------------------------+
; Analysis & Synthesis Status        ; Successful - Thu Mar 02 19:47:14 2017      ;
; Quartus II 64-Bit Version          ; 15.0.0 Build 145 04/22/2015 SJ Web Edition ;
; Revision Name                      ; lc3                                        ;
; Top-level Entity Name              ; slc3                                       ;
; Family                             ; Cyclone IV E                               ;
; Total logic elements               ; 7,796                                      ;
;     Total combinational functions  ; 4,517                                      ;
;     Dedicated logic registers      ; 4,375                                      ;
; Total registers                    ; 4375                                       ;
; Total pins                         ; 101                                        ;
; Total virtual pins                 ; 0                                          ;
; Total memory bits                  ; 0                                          ;
; Embedded Multiplier 9-bit elements ; 0                                          ;
; Total PLLs                         ; 0                                          ;
+------------------------------------+--------------------------------------------+


+----------------------------------------------------------------------------------------------------------------------+
; Analysis & Synthesis Settings                                                                                        ;
+----------------------------------------------------------------------------+--------------------+--------------------+
; Option                                                                     ; Setting            ; Default Value      ;
+----------------------------------------------------------------------------+--------------------+--------------------+
; Device                                                                     ; EP4CE115F29C7      ;                    ;
; Top-level entity name                                                      ; slc3               ; lc3                ;
; Family name                                                                ; Cyclone IV E       ; Cyclone V          ;
; Use smart compilation                                                      ; Off                ; Off                ;
; Enable parallel Assembler and TimeQuest Timing Analyzer during compilation ; On                 ; On                 ;
; Enable compact report table                                                ; Off                ; Off                ;
; Restructure Multiplexers                                                   ; Auto               ; Auto               ;
; Create Debugging Nodes for IP Cores                                        ; Off                ; Off                ;
; Preserve fewer node names                                                  ; On                 ; On                 ;
; Disable OpenCore Plus hardware evaluation                                  ; Off                ; Off                ;
; Verilog Version                                                            ; Verilog_2001       ; Verilog_2001       ;
; VHDL Version                                                               ; VHDL_1993          ; VHDL_1993          ;
; State Machine Processing                                                   ; Auto               ; Auto               ;
; Safe State Machine                                                         ; Off                ; Off                ;
; Extract Verilog State Machines                                             ; On                 ; On                 ;
; Extract VHDL State Machines                                                ; On                 ; On                 ;
; Ignore Verilog initial constructs                                          ; Off                ; Off                ;
; Iteration limit for constant Verilog loops                                 ; 5000               ; 5000               ;
; Iteration limit for non-constant Verilog loops                             ; 250                ; 250                ;
; Add Pass-Through Logic to Inferred RAMs                                    ; On                 ; On                 ;
; Infer RAMs from Raw Logic                                                  ; On                 ; On                 ;
; Parallel Synthesis                                                         ; On                 ; On                 ;
; DSP Block Balancing                                                        ; Auto               ; Auto               ;
; NOT Gate Push-Back                                                         ; On                 ; On                 ;
; Power-Up Don't Care                                                        ; On                 ; On                 ;
; Remove Redundant Logic Cells                                               ; Off                ; Off                ;
; Remove Duplicate Registers                                                 ; On                 ; On                 ;
; Ignore CARRY Buffers                                                       ; Off                ; Off                ;
; Ignore CASCADE Buffers                                                     ; Off                ; Off                ;
; Ignore GLOBAL Buffers                                                      ; Off                ; Off                ;
; Ignore ROW GLOBAL Buffers                                                  ; Off                ; Off                ;
; Ignore LCELL Buffers                                                       ; Off                ; Off                ;
; Ignore SOFT Buffers                                                        ; On                 ; On                 ;
; Limit AHDL Integers to 32 Bits                                             ; Off                ; Off                ;
; Optimization Technique                                                     ; Balanced           ; Balanced           ;
; Carry Chain Length                                                         ; 70                 ; 70                 ;
; Auto Carry Chains                                                          ; On                 ; On                 ;
; Auto Open-Drain Pins                                                       ; On                 ; On                 ;
; Perform WYSIWYG Primitive Resynthesis                                      ; Off                ; Off                ;
; Auto ROM Replacement                                                       ; On                 ; On                 ;
; Auto RAM Replacement                                                       ; On                 ; On                 ;
; Auto DSP Block Replacement                                                 ; On                 ; On                 ;
; Auto Shift Register Replacement                                            ; Auto               ; Auto               ;
; Allow Shift Register Merging across Hierarchies                            ; Auto               ; Auto               ;
; Auto Clock Enable Replacement                                              ; On                 ; On                 ;
; Strict RAM Replacement                                                     ; Off                ; Off                ;
; Allow Synchronous Control Signals                                          ; On                 ; On                 ;
; Force Use of Synchronous Clear Signals                                     ; Off                ; Off                ;
; Auto RAM Block Balancing                                                   ; On                 ; On                 ;
; Auto RAM to Logic Cell Conversion                                          ; Off                ; Off                ;
; Auto Resource Sharing                                                      ; Off                ; Off                ;
; Allow Any RAM Size For Recognition                                         ; Off                ; Off                ;
; Allow Any ROM Size For Recognition                                         ; Off                ; Off                ;
; Allow Any Shift Register Size For Recognition                              ; Off                ; Off                ;
; Use LogicLock Constraints during Resource Balancing                        ; On                 ; On                 ;
; Ignore translate_off and synthesis_off directives                          ; Off                ; Off                ;
; Timing-Driven Synthesis                                                    ; On                 ; On                 ;
; Report Parameter Settings                                                  ; On                 ; On                 ;
; Report Source Assignments                                                  ; On                 ; On                 ;
; Report Connectivity Checks                                                 ; On                 ; On                 ;
; Ignore Maximum Fan-Out Assignments                                         ; Off                ; Off                ;
; Synchronization Register Chain Length                                      ; 2                  ; 2                  ;
; PowerPlay Power Optimization During Synthesis                              ; Normal compilation ; Normal compilation ;
; HDL message level                                                          ; Level2             ; Level2             ;
; Suppress Register Optimization Related Messages                            ; Off                ; Off                ;
; Number of Removed Registers Reported in Synthesis Report                   ; 5000               ; 5000               ;
; Number of Swept Nodes Reported in Synthesis Report                         ; 5000               ; 5000               ;
; Number of Inverted Registers Reported in Synthesis Report                  ; 100                ; 100                ;
; Clock MUX Protection                                                       ; On                 ; On                 ;
; Auto Gated Clock Conversion                                                ; Off                ; Off                ;
; Block Design Naming                                                        ; Auto               ; Auto               ;
; SDC constraint protection                                                  ; Off                ; Off                ;
; Synthesis Effort                                                           ; Auto               ; Auto               ;
; Shift Register Replacement - Allow Asynchronous Clear Signal               ; On                 ; On                 ;
; Pre-Mapping Resynthesis Optimization                                       ; Off                ; Off                ;
; Analysis & Synthesis Message Level                                         ; Medium             ; Medium             ;
; Disable Register Merging Across Hierarchies                                ; Auto               ; Auto               ;
; Resource Aware Inference For Block RAM                                     ; On                 ; On                 ;
; Synthesis Seed                                                             ; 1                  ; 1                  ;
+----------------------------------------------------------------------------+--------------------+--------------------+


Parallel compilation was disabled, but you have multiple processors available. Enable parallel compilation to reduce compilation time.
+-------------------------------------+
; Parallel Compilation                ;
+----------------------------+--------+
; Processors                 ; Number ;
+----------------------------+--------+
; Number detected on machine ; 8      ;
; Maximum allowed            ; 1      ;
+----------------------------+--------+


+----------------------------------------------------------------------------------------------------------------------------+
; Analysis & Synthesis Source Files Read                                                                                     ;
+----------------------------------+-----------------+------------------------------+------------------------------+---------+
; File Name with User-Entered Path ; Used in Netlist ; File Type                    ; File Name with Absolute Path ; Library ;
+----------------------------------+-----------------+------------------------------+------------------------------+---------+
; test_memory.sv                   ; yes             ; User SystemVerilog HDL File  ; E:/lab6 week2/test_memory.sv ;         ;
; zxt.sv                           ; yes             ; User SystemVerilog HDL File  ; E:/lab6 week2/zxt.sv         ;         ;
; tristate.sv                      ; yes             ; User SystemVerilog HDL File  ; E:/lab6 week2/tristate.sv    ;         ;
; SLC3_2.sv                        ; yes             ; User SystemVerilog HDL File  ; E:/lab6 week2/SLC3_2.sv      ;         ;
; slc3.sv                          ; yes             ; User SystemVerilog HDL File  ; E:/lab6 week2/slc3.sv        ;         ;
; register.sv                      ; yes             ; User SystemVerilog HDL File  ; E:/lab6 week2/register.sv    ;         ;
; Mem2IO.sv                        ; yes             ; User SystemVerilog HDL File  ; E:/lab6 week2/Mem2IO.sv      ;         ;
; ISDU.sv                          ; yes             ; User SystemVerilog HDL File  ; E:/lab6 week2/ISDU.sv        ;         ;
; HexDriver.sv                     ; yes             ; User SystemVerilog HDL File  ; E:/lab6 week2/HexDriver.sv   ;         ;
; datapath.sv                      ; yes             ; User SystemVerilog HDL File  ; E:/lab6 week2/datapath.sv    ;         ;
; bus.sv                           ; yes             ; User SystemVerilog HDL File  ; E:/lab6 week2/bus.sv         ;         ;
; 4to1_mux.sv                      ; yes             ; User SystemVerilog HDL File  ; E:/lab6 week2/4to1_mux.sv    ;         ;
; 2to1_mux.sv                      ; yes             ; User SystemVerilog HDL File  ; E:/lab6 week2/2to1_mux.sv    ;         ;
; alu.sv                           ; yes             ; User SystemVerilog HDL File  ; E:/lab6 week2/alu.sv         ;         ;
; regfile.sv                       ; yes             ; User SystemVerilog HDL File  ; E:/lab6 week2/regfile.sv     ;         ;
; sext.sv                          ; yes             ; User SystemVerilog HDL File  ; E:/lab6 week2/sext.sv        ;         ;
; ben.sv                           ; yes             ; User SystemVerilog HDL File  ; E:/lab6 week2/ben.sv         ;         ;
; benlogic.sv                      ; yes             ; User SystemVerilog HDL File  ; E:/lab6 week2/benlogic.sv    ;         ;
+----------------------------------+-----------------+------------------------------+------------------------------+---------+


+---------------------------------------------------------+
; Analysis & Synthesis Resource Usage Summary             ;
+---------------------------------------------+-----------+
; Resource                                    ; Usage     ;
+---------------------------------------------+-----------+
; Estimated Total logic elements              ; 7,796     ;
;                                             ;           ;
; Total combinational functions               ; 4517      ;
; Logic element usage by number of LUT inputs ;           ;
;     -- 4 input functions                    ; 3102      ;
;     -- 3 input functions                    ; 358       ;
;     -- <=2 input functions                  ; 1057      ;
;                                             ;           ;
; Logic elements by mode                      ;           ;
;     -- normal mode                          ; 4472      ;
;     -- arithmetic mode                      ; 45        ;
;                                             ;           ;
; Total registers                             ; 4375      ;
;     -- Dedicated logic registers            ; 4375      ;
;     -- I/O registers                        ; 0         ;
;                                             ;           ;
; I/O pins                                    ; 101       ;
;                                             ;           ;
; Embedded Multiplier 9-bit elements          ; 0         ;
;                                             ;           ;
; Maximum fan-out node                        ; Clk~input ;
; Maximum fan-out                             ; 4375      ;
; Total fan-out                               ; 32040     ;
; Average fan-out                             ; 3.52      ;
+---------------------------------------------+-----------+


+----------------------------------------------------------------------------------------------------------------------------------------------------------------------------------------------------+
; Analysis & Synthesis Resource Utilization by Entity                                                                                                                                                ;
+-------------------------------+-------------------+--------------+-------------+--------------+---------+-----------+------+--------------+-----------------------------------------+--------------+
; Compilation Hierarchy Node    ; LC Combinationals ; LC Registers ; Memory Bits ; DSP Elements ; DSP 9x9 ; DSP 18x18 ; Pins ; Virtual Pins ; Full Hierarchy Name                     ; Library Name ;
+-------------------------------+-------------------+--------------+-------------+--------------+---------+-----------+------+--------------+-----------------------------------------+--------------+
; |slc3                         ; 4517 (0)          ; 4375 (0)     ; 0           ; 0            ; 0       ; 0         ; 101  ; 0            ; |slc3                                   ; work         ;
;    |HexDriver:hex_drivers[0]| ; 7 (7)             ; 0 (0)        ; 0           ; 0            ; 0       ; 0         ; 0    ; 0            ; |slc3|HexDriver:hex_drivers[0]          ; work         ;
;    |HexDriver:hex_drivers[1]| ; 7 (7)             ; 0 (0)        ; 0           ; 0            ; 0       ; 0         ; 0    ; 0            ; |slc3|HexDriver:hex_drivers[1]          ; work         ;
;    |HexDriver:hex_drivers[2]| ; 7 (7)             ; 0 (0)        ; 0           ; 0            ; 0       ; 0         ; 0    ; 0            ; |slc3|HexDriver:hex_drivers[2]          ; work         ;
;    |HexDriver:hex_drivers[3]| ; 7 (7)             ; 0 (0)        ; 0           ; 0            ; 0       ; 0         ; 0    ; 0            ; |slc3|HexDriver:hex_drivers[3]          ; work         ;
;    |ISDU:state_controller|    ; 49 (49)           ; 24 (24)      ; 0           ; 0            ; 0       ; 0         ; 0    ; 0            ; |slc3|ISDU:state_controller             ; work         ;
;    |Mem2IO:memory_subsystem|  ; 23 (23)           ; 16 (16)      ; 0           ; 0            ; 0       ; 0         ; 0    ; 0            ; |slc3|Mem2IO:memory_subsystem           ; work         ;
;    |datapath:D0|              ; 420 (16)          ; 207 (0)      ; 0           ; 0            ; 0       ; 0         ; 0    ; 0            ; |slc3|datapath:D0                       ; work         ;
;       |ALU:alu|               ; 16 (16)           ; 0 (0)        ; 0           ; 0            ; 0       ; 0         ; 0    ; 0            ; |slc3|datapath:D0|ALU:alu               ; work         ;
;       |ben:ben2logic|         ; 2 (2)             ; 0 (0)        ; 0           ; 0            ; 0       ; 0         ; 0    ; 0            ; |slc3|datapath:D0|ben:ben2logic         ; work         ;
;       |ben_logic:BEN_logic|   ; 4 (4)             ; 0 (0)        ; 0           ; 0            ; 0       ; 0         ; 0    ; 0            ; |slc3|datapath:D0|ben_logic:BEN_logic   ; work         ;
;       |bus:bus1|              ; 75 (75)           ; 0 (0)        ; 0           ; 0            ; 0       ; 0         ; 0    ; 0            ; |slc3|datapath:D0|bus:bus1              ; work         ;
;       |mux2:addr1mux|         ; 16 (16)           ; 0 (0)        ; 0           ; 0            ; 0       ; 0         ; 0    ; 0            ; |slc3|datapath:D0|mux2:addr1mux         ; work         ;
;       |mux2:sr1mux|           ; 3 (3)             ; 0 (0)        ; 0           ; 0            ; 0       ; 0         ; 0    ; 0            ; |slc3|datapath:D0|mux2:sr1mux           ; work         ;
;       |mux2:sr2mux|           ; 38 (38)           ; 0 (0)        ; 0           ; 0            ; 0       ; 0         ; 0    ; 0            ; |slc3|datapath:D0|mux2:sr2mux           ; work         ;
;       |mux4:addr2mux|         ; 16 (16)           ; 0 (0)        ; 0           ; 0            ; 0       ; 0         ; 0    ; 0            ; |slc3|datapath:D0|mux4:addr2mux         ; work         ;
;       |regfile:register_file| ; 145 (145)         ; 128 (128)    ; 0           ; 0            ; 0       ; 0         ; 0    ; 0            ; |slc3|datapath:D0|regfile:register_file ; work         ;
;       |register:ir_reg|       ; 1 (1)             ; 16 (16)      ; 0           ; 0            ; 0       ; 0         ; 0    ; 0            ; |slc3|datapath:D0|register:ir_reg       ; work         ;
;       |register:led|          ; 13 (13)           ; 12 (12)      ; 0           ; 0            ; 0       ; 0         ; 0    ; 0            ; |slc3|datapath:D0|register:led          ; work         ;
;       |register:mar_reg|      ; 17 (17)           ; 16 (16)      ; 0           ; 0            ; 0       ; 0         ; 0    ; 0            ; |slc3|datapath:D0|register:mar_reg      ; work         ;
;       |register:mdr_reg|      ; 34 (34)           ; 16 (16)      ; 0           ; 0            ; 0       ; 0         ; 0    ; 0            ; |slc3|datapath:D0|register:mdr_reg      ; work         ;
;       |register:nzp_reg|      ; 6 (6)             ; 3 (3)        ; 0           ; 0            ; 0       ; 0         ; 0    ; 0            ; |slc3|datapath:D0|register:nzp_reg      ; work         ;
;       |register:pc_reg|       ; 18 (18)           ; 16 (16)      ; 0           ; 0            ; 0       ; 0         ; 0    ; 0            ; |slc3|datapath:D0|register:pc_reg       ; work         ;
;    |test_memory:test|         ; 3980 (3980)       ; 4096 (4096)  ; 0           ; 0            ; 0       ; 0         ; 0    ; 0            ; |slc3|test_memory:test                  ; work         ;
;    |tristate:tr0|             ; 17 (17)           ; 32 (32)      ; 0           ; 0            ; 0       ; 0         ; 0    ; 0            ; |slc3|tristate:tr0                      ; work         ;
+-------------------------------+-------------------+--------------+-------------+--------------+---------+-----------+------+--------------+-----------------------------------------+--------------+
Note: For table entries with two numbers listed, the numbers in parentheses indicate the number of resources of the given type used by the specific entity alone. The numbers listed outside of parentheses indicate the total resources of the given type used by the specific entity and all of its sub-entities in the hierarchy.


Encoding Type:  One-Hot
+--------------------------------------------------------------------------------------------------------------------------------------------------------------------------------------------------------------------------------------------------------------------------------------------------------------------------------------------------------+
; State Machine - |slc3|ISDU:state_controller|State                                                                                                                                                                                                                                                                                                      ;
+----------------+------------+------------+-----------+------------+------------+-----------+--------------+--------------+------------+-----------+------------+--------------+--------------+-----------+-----------+-----------+------------+------------+--------------+--------------+------------+----------------+----------------+--------------+
; Name           ; State.S_01 ; State.S_22 ; State.S_0 ; State.S_12 ; State.S_21 ; State.S_4 ; State.S_16_2 ; State.S_16_1 ; State.S_23 ; State.S_7 ; State.S_27 ; State.S_25_2 ; State.S_25_1 ; State.S_6 ; State.S_9 ; State.S_5 ; State.S_32 ; State.S_35 ; State.S_33_2 ; State.S_33_1 ; State.S_18 ; State.PauseIR2 ; State.PauseIR1 ; State.Halted ;
+----------------+------------+------------+-----------+------------+------------+-----------+--------------+--------------+------------+-----------+------------+--------------+--------------+-----------+-----------+-----------+------------+------------+--------------+--------------+------------+----------------+----------------+--------------+
; State.Halted   ; 0          ; 0          ; 0         ; 0          ; 0          ; 0         ; 0            ; 0            ; 0          ; 0         ; 0          ; 0            ; 0            ; 0         ; 0         ; 0         ; 0          ; 0          ; 0            ; 0            ; 0          ; 0              ; 0              ; 0            ;
; State.PauseIR1 ; 0          ; 0          ; 0         ; 0          ; 0          ; 0         ; 0            ; 0            ; 0          ; 0         ; 0          ; 0            ; 0            ; 0         ; 0         ; 0         ; 0          ; 0          ; 0            ; 0            ; 0          ; 0              ; 1              ; 1            ;
; State.PauseIR2 ; 0          ; 0          ; 0         ; 0          ; 0          ; 0         ; 0            ; 0            ; 0          ; 0         ; 0          ; 0            ; 0            ; 0         ; 0         ; 0         ; 0          ; 0          ; 0            ; 0            ; 0          ; 1              ; 0              ; 1            ;
; State.S_18     ; 0          ; 0          ; 0         ; 0          ; 0          ; 0         ; 0            ; 0            ; 0          ; 0         ; 0          ; 0            ; 0            ; 0         ; 0         ; 0         ; 0          ; 0          ; 0            ; 0            ; 1          ; 0              ; 0              ; 1            ;
; State.S_33_1   ; 0          ; 0          ; 0         ; 0          ; 0          ; 0         ; 0            ; 0            ; 0          ; 0         ; 0          ; 0            ; 0            ; 0         ; 0         ; 0         ; 0          ; 0          ; 0            ; 1            ; 0          ; 0              ; 0              ; 1            ;
; State.S_33_2   ; 0          ; 0          ; 0         ; 0          ; 0          ; 0         ; 0            ; 0            ; 0          ; 0         ; 0          ; 0            ; 0            ; 0         ; 0         ; 0         ; 0          ; 0          ; 1            ; 0            ; 0          ; 0              ; 0              ; 1            ;
; State.S_35     ; 0          ; 0          ; 0         ; 0          ; 0          ; 0         ; 0            ; 0            ; 0          ; 0         ; 0          ; 0            ; 0            ; 0         ; 0         ; 0         ; 0          ; 1          ; 0            ; 0            ; 0          ; 0              ; 0              ; 1            ;
; State.S_32     ; 0          ; 0          ; 0         ; 0          ; 0          ; 0         ; 0            ; 0            ; 0          ; 0         ; 0          ; 0            ; 0            ; 0         ; 0         ; 0         ; 1          ; 0          ; 0            ; 0            ; 0          ; 0              ; 0              ; 1            ;
; State.S_5      ; 0          ; 0          ; 0         ; 0          ; 0          ; 0         ; 0            ; 0            ; 0          ; 0         ; 0          ; 0            ; 0            ; 0         ; 0         ; 1         ; 0          ; 0          ; 0            ; 0            ; 0          ; 0              ; 0              ; 1            ;
; State.S_9      ; 0          ; 0          ; 0         ; 0          ; 0          ; 0         ; 0            ; 0            ; 0          ; 0         ; 0          ; 0            ; 0            ; 0         ; 1         ; 0         ; 0          ; 0          ; 0            ; 0            ; 0          ; 0              ; 0              ; 1            ;
; State.S_6      ; 0          ; 0          ; 0         ; 0          ; 0          ; 0         ; 0            ; 0            ; 0          ; 0         ; 0          ; 0            ; 0            ; 1         ; 0         ; 0         ; 0          ; 0          ; 0            ; 0            ; 0          ; 0              ; 0              ; 1            ;
; State.S_25_1   ; 0          ; 0          ; 0         ; 0          ; 0          ; 0         ; 0            ; 0            ; 0          ; 0         ; 0          ; 0            ; 1            ; 0         ; 0         ; 0         ; 0          ; 0          ; 0            ; 0            ; 0          ; 0              ; 0              ; 1            ;
; State.S_25_2   ; 0          ; 0          ; 0         ; 0          ; 0          ; 0         ; 0            ; 0            ; 0          ; 0         ; 0          ; 1            ; 0            ; 0         ; 0         ; 0         ; 0          ; 0          ; 0            ; 0            ; 0          ; 0              ; 0              ; 1            ;
; State.S_27     ; 0          ; 0          ; 0         ; 0          ; 0          ; 0         ; 0            ; 0            ; 0          ; 0         ; 1          ; 0            ; 0            ; 0         ; 0         ; 0         ; 0          ; 0          ; 0            ; 0            ; 0          ; 0              ; 0              ; 1            ;
; State.S_7      ; 0          ; 0          ; 0         ; 0          ; 0          ; 0         ; 0            ; 0            ; 0          ; 1         ; 0          ; 0            ; 0            ; 0         ; 0         ; 0         ; 0          ; 0          ; 0            ; 0            ; 0          ; 0              ; 0              ; 1            ;
; State.S_23     ; 0          ; 0          ; 0         ; 0          ; 0          ; 0         ; 0            ; 0            ; 1          ; 0         ; 0          ; 0            ; 0            ; 0         ; 0         ; 0         ; 0          ; 0          ; 0            ; 0            ; 0          ; 0              ; 0              ; 1            ;
; State.S_16_1   ; 0          ; 0          ; 0         ; 0          ; 0          ; 0         ; 0            ; 1            ; 0          ; 0         ; 0          ; 0            ; 0            ; 0         ; 0         ; 0         ; 0          ; 0          ; 0            ; 0            ; 0          ; 0              ; 0              ; 1            ;
; State.S_16_2   ; 0          ; 0          ; 0         ; 0          ; 0          ; 0         ; 1            ; 0            ; 0          ; 0         ; 0          ; 0            ; 0            ; 0         ; 0         ; 0         ; 0          ; 0          ; 0            ; 0            ; 0          ; 0              ; 0              ; 1            ;
; State.S_4      ; 0          ; 0          ; 0         ; 0          ; 0          ; 1         ; 0            ; 0            ; 0          ; 0         ; 0          ; 0            ; 0            ; 0         ; 0         ; 0         ; 0          ; 0          ; 0            ; 0            ; 0          ; 0              ; 0              ; 1            ;
; State.S_21     ; 0          ; 0          ; 0         ; 0          ; 1          ; 0         ; 0            ; 0            ; 0          ; 0         ; 0          ; 0            ; 0            ; 0         ; 0         ; 0         ; 0          ; 0          ; 0            ; 0            ; 0          ; 0              ; 0              ; 1            ;
; State.S_12     ; 0          ; 0          ; 0         ; 1          ; 0          ; 0         ; 0            ; 0            ; 0          ; 0         ; 0          ; 0            ; 0            ; 0         ; 0         ; 0         ; 0          ; 0          ; 0            ; 0            ; 0          ; 0              ; 0              ; 1            ;
; State.S_0      ; 0          ; 0          ; 1         ; 0          ; 0          ; 0         ; 0            ; 0            ; 0          ; 0         ; 0          ; 0            ; 0            ; 0         ; 0         ; 0         ; 0          ; 0          ; 0            ; 0            ; 0          ; 0              ; 0              ; 1            ;
; State.S_22     ; 0          ; 1          ; 0         ; 0          ; 0          ; 0         ; 0            ; 0            ; 0          ; 0         ; 0          ; 0            ; 0            ; 0         ; 0         ; 0         ; 0          ; 0          ; 0            ; 0            ; 0          ; 0              ; 0              ; 1            ;
; State.S_01     ; 1          ; 0          ; 0         ; 0          ; 0          ; 0         ; 0            ; 0            ; 0          ; 0         ; 0          ; 0            ; 0            ; 0         ; 0         ; 0         ; 0          ; 0          ; 0            ; 0            ; 0          ; 0              ; 0              ; 1            ;
+----------------+------------+------------+-----------+------------+------------+-----------+--------------+--------------+------------+-----------+------------+--------------+--------------+-----------+-----------+-----------+------------+------------+--------------+--------------+------------+----------------+----------------+--------------+


+------------------------------------------------------------+
; Registers Removed During Synthesis                         ;
+---------------------------------------+--------------------+
; Register name                         ; Reason for Removal ;
+---------------------------------------+--------------------+
; ISDU:state_controller|State~2         ; Lost fanout        ;
; ISDU:state_controller|State~3         ; Lost fanout        ;
; ISDU:state_controller|State~4         ; Lost fanout        ;
; ISDU:state_controller|State~5         ; Lost fanout        ;
; ISDU:state_controller|State~6         ; Lost fanout        ;
; ISDU:state_controller|State~7         ; Lost fanout        ;
; Total Number of Removed Registers = 6 ;                    ;
+---------------------------------------+--------------------+


+------------------------------------------------------+
; General Register Statistics                          ;
+----------------------------------------------+-------+
; Statistic                                    ; Value ;
+----------------------------------------------+-------+
; Total registers                              ; 4375  ;
; Number of registers using Synchronous Clear  ; 19    ;
; Number of registers using Synchronous Load   ; 16    ;
; Number of registers using Asynchronous Clear ; 4096  ;
; Number of registers using Asynchronous Load  ; 0     ;
; Number of registers using Clock Enable       ; 4318  ;
; Number of registers using Preset             ; 0     ;
+----------------------------------------------+-------+


+-----------------------------------------------------+
; Inverted Register Statistics                        ;
+-------------------------------------------+---------+
; Inverted Register                         ; Fan out ;
+-------------------------------------------+---------+
; test_memory:test|mem_array[147][0]        ; 1       ;
; test_memory:test|mem_array[131][0]        ; 1       ;
; test_memory:test|mem_array[145][0]        ; 1       ;
; test_memory:test|mem_array[129][0]        ; 1       ;
; test_memory:test|mem_array[153][0]        ; 1       ;
; test_memory:test|mem_array[134][0]        ; 1       ;
; test_memory:test|mem_array[142][0]        ; 1       ;
; test_memory:test|mem_array[151][0]        ; 1       ;
; test_memory:test|mem_array[133][0]        ; 1       ;
; test_memory:test|mem_array[86][0]         ; 1       ;
; test_memory:test|mem_array[70][0]         ; 1       ;
; test_memory:test|mem_array[99][0]         ; 1       ;
; test_memory:test|mem_array[83][0]         ; 1       ;
; test_memory:test|mem_array[67][0]         ; 1       ;
; test_memory:test|mem_array[115][0]        ; 1       ;
; test_memory:test|mem_array[82][0]         ; 1       ;
; test_memory:test|mem_array[66][0]         ; 1       ;
; test_memory:test|mem_array[103][0]        ; 1       ;
; test_memory:test|mem_array[71][0]         ; 1       ;
; test_memory:test|mem_array[108][0]        ; 1       ;
; test_memory:test|mem_array[76][0]         ; 1       ;
; test_memory:test|mem_array[124][0]        ; 1       ;
; test_memory:test|mem_array[105][0]        ; 1       ;
; test_memory:test|mem_array[89][0]         ; 1       ;
; test_memory:test|mem_array[104][0]        ; 1       ;
; test_memory:test|mem_array[72][0]         ; 1       ;
; test_memory:test|mem_array[120][0]        ; 1       ;
; test_memory:test|mem_array[125][0]        ; 1       ;
; test_memory:test|mem_array[100][0]        ; 1       ;
; test_memory:test|mem_array[97][0]         ; 1       ;
; test_memory:test|mem_array[65][0]         ; 1       ;
; test_memory:test|mem_array[113][0]        ; 1       ;
; test_memory:test|mem_array[96][0]         ; 1       ;
; test_memory:test|mem_array[80][0]         ; 1       ;
; test_memory:test|mem_array[64][0]         ; 1       ;
; test_memory:test|mem_array[112][0]        ; 1       ;
; test_memory:test|mem_array[85][0]         ; 1       ;
; test_memory:test|mem_array[101][0]        ; 1       ;
; test_memory:test|mem_array[122][0]        ; 1       ;
; test_memory:test|mem_array[94][0]         ; 1       ;
; test_memory:test|mem_array[126][0]        ; 1       ;
; test_memory:test|mem_array[107][0]        ; 1       ;
; test_memory:test|mem_array[75][0]         ; 1       ;
; test_memory:test|mem_array[111][0]        ; 1       ;
; test_memory:test|mem_array[106][0]        ; 1       ;
; test_memory:test|mem_array[78][0]         ; 1       ;
; test_memory:test|mem_array[74][0]         ; 1       ;
; test_memory:test|mem_array[110][0]        ; 1       ;
; test_memory:test|mem_array[95][0]         ; 1       ;
; test_memory:test|mem_array[127][0]        ; 1       ;
; test_memory:test|mem_array[41][0]         ; 1       ;
; test_memory:test|mem_array[35][0]         ; 1       ;
; test_memory:test|mem_array[33][0]         ; 1       ;
; test_memory:test|mem_array[38][0]         ; 1       ;
; test_memory:test|mem_array[36][0]         ; 1       ;
; test_memory:test|mem_array[46][0]         ; 1       ;
; test_memory:test|mem_array[40][0]         ; 1       ;
; test_memory:test|mem_array[34][0]         ; 1       ;
; test_memory:test|mem_array[45][0]         ; 1       ;
; test_memory:test|mem_array[39][0]         ; 1       ;
; test_memory:test|mem_array[47][0]         ; 1       ;
; test_memory:test|mem_array[26][0]         ; 1       ;
; test_memory:test|mem_array[24][0]         ; 1       ;
; test_memory:test|mem_array[21][0]         ; 1       ;
; test_memory:test|mem_array[17][0]         ; 1       ;
; test_memory:test|mem_array[18][0]         ; 1       ;
; test_memory:test|mem_array[22][0]         ; 1       ;
; test_memory:test|mem_array[29][0]         ; 1       ;
; test_memory:test|mem_array[27][0]         ; 1       ;
; test_memory:test|mem_array[31][0]         ; 1       ;
; test_memory:test|mem_array[8][0]          ; 1       ;
; test_memory:test|mem_array[11][0]         ; 1       ;
; test_memory:test|mem_array[5][0]          ; 1       ;
; test_memory:test|mem_array[6][0]          ; 1       ;
; test_memory:test|mem_array[4][0]          ; 1       ;
; test_memory:test|mem_array[7][0]          ; 1       ;
; test_memory:test|mem_array[1][0]          ; 1       ;
; test_memory:test|mem_array[3][0]          ; 1       ;
; test_memory:test|mem_array[13][0]         ; 1       ;
; test_memory:test|mem_array[14][0]         ; 1       ;
; test_memory:test|mem_array[15][0]         ; 1       ;
; test_memory:test|mem_array[57][0]         ; 1       ;
; test_memory:test|mem_array[58][0]         ; 1       ;
; test_memory:test|mem_array[59][0]         ; 1       ;
; test_memory:test|mem_array[54][0]         ; 1       ;
; test_memory:test|mem_array[55][0]         ; 1       ;
; test_memory:test|mem_array[60][0]         ; 1       ;
; test_memory:test|mem_array[149][1]        ; 1       ;
; test_memory:test|mem_array[148][1]        ; 1       ;
; test_memory:test|mem_array[144][1]        ; 1       ;
; test_memory:test|mem_array[129][1]        ; 1       ;
; test_memory:test|mem_array[132][1]        ; 1       ;
; test_memory:test|mem_array[133][1]        ; 1       ;
; test_memory:test|mem_array[147][1]        ; 1       ;
; test_memory:test|mem_array[89][1]         ; 1       ;
; test_memory:test|mem_array[27][1]         ; 1       ;
; test_memory:test|mem_array[15][1]         ; 1       ;
; test_memory:test|mem_array[13][1]         ; 1       ;
; test_memory:test|mem_array[79][1]         ; 1       ;
; test_memory:test|mem_array[9][1]          ; 1       ;
; Total number of inverted registers = 977* ;         ;
+-------------------------------------------+---------+
* Table truncated at 100 items. To change the number of inverted registers reported, set the "Number of Inverted Registers Reported" option under Assignments->Settings->Analysis and Synthesis Settings->More Settings


+-----------------------------------------------------------------------------------------------------------------------------------------------------------+
; Multiplexer Restructuring Statistics (Restructuring Performed)                                                                                            ;
+--------------------+-----------+---------------+----------------------+------------------------+------------+---------------------------------------------+
; Multiplexer Inputs ; Bus Width ; Baseline Area ; Area if Restructured ; Saving if Restructured ; Registered ; Example Multiplexer Output                  ;
+--------------------+-----------+---------------+----------------------+------------------------+------------+---------------------------------------------+
; 3:1                ; 12 bits   ; 24 LEs        ; 12 LEs               ; 12 LEs                 ; Yes        ; |slc3|datapath:D0|register:led|data[10]     ;
; 3:1                ; 16 bits   ; 32 LEs        ; 16 LEs               ; 16 LEs                 ; Yes        ; |slc3|Mem2IO:memory_subsystem|hex_data[9]   ;
; 3:1                ; 16 bits   ; 32 LEs        ; 16 LEs               ; 16 LEs                 ; Yes        ; |slc3|datapath:D0|register:ir_reg|data[4]   ;
; 3:1                ; 16 bits   ; 32 LEs        ; 16 LEs               ; 16 LEs                 ; Yes        ; |slc3|datapath:D0|register:mar_reg|data[13] ;
; 4:1                ; 2 bits    ; 4 LEs         ; 2 LEs                ; 2 LEs                  ; Yes        ; |slc3|datapath:D0|register:nzp_reg|data[0]  ;
; 4:1                ; 16 bits   ; 32 LEs        ; 32 LEs               ; 0 LEs                  ; Yes        ; |slc3|datapath:D0|register:pc_reg|data[7]   ;
; 6:1                ; 16 bits   ; 64 LEs        ; 32 LEs               ; 32 LEs                 ; Yes        ; |slc3|datapath:D0|register:mdr_reg|data[5]  ;
; 3:1                ; 2 bits    ; 4 LEs         ; 4 LEs                ; 0 LEs                  ; No         ; |slc3|datapath:D0|mux4:addr2mux|Out[15]     ;
; 8:1                ; 16 bits   ; 80 LEs        ; 64 LEs               ; 16 LEs                 ; No         ; |slc3|datapath:D0|bus:bus1|out[10]          ;
; 256:1              ; 16 bits   ; 2720 LEs      ; 2720 LEs             ; 0 LEs                  ; No         ; |slc3|test_memory:test|Mux14                ;
+--------------------+-----------+---------------+----------------------+------------------------+------------+---------------------------------------------+


+---------------------------------------------------------------+
; Parameter Settings for User Entity Instance: test_memory:test ;
+----------------+-------+--------------------------------------+
; Parameter Name ; Value ; Type                                 ;
+----------------+-------+--------------------------------------+
; size           ; 256   ; Signed Integer                       ;
+----------------+-------+--------------------------------------+
Note: In order to hide this table in the UI and the text report file, please set the "Show Parameter Settings in Synthesis Report" option in "Analysis and Synthesis Settings -> More Settings" to "Off".


+--------------------------------------------------------------------------+
; Parameter Settings for User Entity Instance: datapath:D0|register:pc_reg ;
+----------------+-------+-------------------------------------------------+
; Parameter Name ; Value ; Type                                            ;
+----------------+-------+-------------------------------------------------+
; width          ; 16    ; Signed Integer                                  ;
+----------------+-------+-------------------------------------------------+
Note: In order to hide this table in the UI and the text report file, please set the "Show Parameter Settings in Synthesis Report" option in "Analysis and Synthesis Settings -> More Settings" to "Off".


+--------------------------------------------------------------------------+
; Parameter Settings for User Entity Instance: datapath:D0|register:ir_reg ;
+----------------+-------+-------------------------------------------------+
; Parameter Name ; Value ; Type                                            ;
+----------------+-------+-------------------------------------------------+
; width          ; 16    ; Signed Integer                                  ;
+----------------+-------+-------------------------------------------------+
Note: In order to hide this table in the UI and the text report file, please set the "Show Parameter Settings in Synthesis Report" option in "Analysis and Synthesis Settings -> More Settings" to "Off".


+---------------------------------------------------------------------------+
; Parameter Settings for User Entity Instance: datapath:D0|register:nzp_reg ;
+----------------+-------+--------------------------------------------------+
; Parameter Name ; Value ; Type                                             ;
+----------------+-------+--------------------------------------------------+
; width          ; 3     ; Signed Integer                                   ;
+----------------+-------+--------------------------------------------------+
Note: In order to hide this table in the UI and the text report file, please set the "Show Parameter Settings in Synthesis Report" option in "Analysis and Synthesis Settings -> More Settings" to "Off".


+-----------------------------------------------------------------------+
; Parameter Settings for User Entity Instance: datapath:D0|sext:sext_11 ;
+----------------+-------+----------------------------------------------+
; Parameter Name ; Value ; Type                                         ;
+----------------+-------+----------------------------------------------+
; width          ; 11    ; Signed Integer                               ;
+----------------+-------+----------------------------------------------+
Note: In order to hide this table in the UI and the text report file, please set the "Show Parameter Settings in Synthesis Report" option in "Analysis and Synthesis Settings -> More Settings" to "Off".


+----------------------------------------------------------------------+
; Parameter Settings for User Entity Instance: datapath:D0|sext:sext_9 ;
+----------------+-------+---------------------------------------------+
; Parameter Name ; Value ; Type                                        ;
+----------------+-------+---------------------------------------------+
; width          ; 9     ; Signed Integer                              ;
+----------------+-------+---------------------------------------------+
Note: In order to hide this table in the UI and the text report file, please set the "Show Parameter Settings in Synthesis Report" option in "Analysis and Synthesis Settings -> More Settings" to "Off".


+----------------------------------------------------------------------+
; Parameter Settings for User Entity Instance: datapath:D0|sext:sext_6 ;
+----------------+-------+---------------------------------------------+
; Parameter Name ; Value ; Type                                        ;
+----------------+-------+---------------------------------------------+
; width          ; 6     ; Signed Integer                              ;
+----------------+-------+---------------------------------------------+
Note: In order to hide this table in the UI and the text report file, please set the "Show Parameter Settings in Synthesis Report" option in "Analysis and Synthesis Settings -> More Settings" to "Off".


+----------------------------------------------------------------------+
; Parameter Settings for User Entity Instance: datapath:D0|sext:sext_5 ;
+----------------+-------+---------------------------------------------+
; Parameter Name ; Value ; Type                                        ;
+----------------+-------+---------------------------------------------+
; width          ; 5     ; Signed Integer                              ;
+----------------+-------+---------------------------------------------+
Note: In order to hide this table in the UI and the text report file, please set the "Show Parameter Settings in Synthesis Report" option in "Analysis and Synthesis Settings -> More Settings" to "Off".


+---------------------------------------------------------------------------+
; Parameter Settings for User Entity Instance: datapath:D0|register:mdr_reg ;
+----------------+-------+--------------------------------------------------+
; Parameter Name ; Value ; Type                                             ;
+----------------+-------+--------------------------------------------------+
; width          ; 16    ; Signed Integer                                   ;
+----------------+-------+--------------------------------------------------+
Note: In order to hide this table in the UI and the text report file, please set the "Show Parameter Settings in Synthesis Report" option in "Analysis and Synthesis Settings -> More Settings" to "Off".


+---------------------------------------------------------------------------+
; Parameter Settings for User Entity Instance: datapath:D0|register:mar_reg ;
+----------------+-------+--------------------------------------------------+
; Parameter Name ; Value ; Type                                             ;
+----------------+-------+--------------------------------------------------+
; width          ; 16    ; Signed Integer                                   ;
+----------------+-------+--------------------------------------------------+
Note: In order to hide this table in the UI and the text report file, please set the "Show Parameter Settings in Synthesis Report" option in "Analysis and Synthesis Settings -> More Settings" to "Off".


+-----------------------------------------------------------------------+
; Parameter Settings for User Entity Instance: datapath:D0|register:led ;
+----------------+-------+----------------------------------------------+
; Parameter Name ; Value ; Type                                         ;
+----------------+-------+----------------------------------------------+
; width          ; 12    ; Signed Integer                               ;
+----------------+-------+----------------------------------------------+
Note: In order to hide this table in the UI and the text report file, please set the "Show Parameter Settings in Synthesis Report" option in "Analysis and Synthesis Settings -> More Settings" to "Off".


+-----------------------------------------------------------+
; Parameter Settings for User Entity Instance: tristate:tr0 ;
+----------------+-------+----------------------------------+
; Parameter Name ; Value ; Type                             ;
+----------------+-------+----------------------------------+
; N              ; 16    ; Signed Integer                   ;
+----------------+-------+----------------------------------+
Note: In order to hide this table in the UI and the text report file, please set the "Show Parameter Settings in Synthesis Report" option in "Analysis and Synthesis Settings -> More Settings" to "Off".


+-----------------------------------------------------+
; Port Connectivity Checks: "Mem2IO:memory_subsystem" ;
+--------------+-------+----------+-------------------+
; Port         ; Type  ; Severity ; Details           ;
+--------------+-------+----------+-------------------+
; ADDR[19..16] ; Input ; Info     ; Stuck at GND      ;
+--------------+-------+----------+-------------------+


+--------------------------------------------------------------------------------------------------------------------------------------------------------------------------+
; Port Connectivity Checks: "datapath:D0|mux2:sr1mux"                                                                                                                      ;
+------+--------+----------+-----------------------------------------------------------------------------------------------------------------------------------------------+
; Port ; Type   ; Severity ; Details                                                                                                                                       ;
+------+--------+----------+-----------------------------------------------------------------------------------------------------------------------------------------------+
; In0  ; Input  ; Warning  ; Input port expression (3 bits) is smaller than the input port (16 bits) it drives.  Extra input bit(s) "In0[15..3]" will be connected to GND. ;
; In1  ; Input  ; Warning  ; Input port expression (3 bits) is smaller than the input port (16 bits) it drives.  Extra input bit(s) "In1[15..3]" will be connected to GND. ;
; Out  ; Output ; Warning  ; Output or bidir port (16 bits) is wider than the port expression (3 bits) it drives; bit(s) "Out[15..3]" have no fanouts                      ;
+------+--------+----------+-----------------------------------------------------------------------------------------------------------------------------------------------+


+--------------------------------------------------------------------------------------------------------------------------------------------------------------------------+
; Port Connectivity Checks: "datapath:D0|mux2:drmux"                                                                                                                       ;
+------+--------+----------+-----------------------------------------------------------------------------------------------------------------------------------------------+
; Port ; Type   ; Severity ; Details                                                                                                                                       ;
+------+--------+----------+-----------------------------------------------------------------------------------------------------------------------------------------------+
; In0  ; Input  ; Warning  ; Input port expression (3 bits) is smaller than the input port (16 bits) it drives.  Extra input bit(s) "In0[15..3]" will be connected to GND. ;
; In0  ; Input  ; Info     ; Stuck at VCC                                                                                                                                  ;
; In1  ; Input  ; Warning  ; Input port expression (3 bits) is smaller than the input port (16 bits) it drives.  Extra input bit(s) "In1[15..3]" will be connected to GND. ;
; Out  ; Output ; Warning  ; Output or bidir port (16 bits) is wider than the port expression (3 bits) it drives; bit(s) "Out[15..3]" have no fanouts                      ;
+------+--------+----------+-----------------------------------------------------------------------------------------------------------------------------------------------+


+-------------------------------------------------------+
; Port Connectivity Checks: "datapath:D0|mux4:addr2mux" ;
+------+-------+----------+-----------------------------+
; Port ; Type  ; Severity ; Details                     ;
+------+-------+----------+-----------------------------+
; In3  ; Input ; Info     ; Stuck at GND                ;
+------+-------+----------+-----------------------------+


+----------------------------------------------------+
; Port Connectivity Checks: "datapath:D0|mux4:pcmux" ;
+------+-------+----------+--------------------------+
; Port ; Type  ; Severity ; Details                  ;
+------+-------+----------+--------------------------+
; In3  ; Input ; Info     ; Stuck at GND             ;
+------+-------+----------+--------------------------+


+-------------------------------------------------------------------------------------------------------------------------------+
; Port Connectivity Checks: "datapath:D0"                                                                                       ;
+---------------------+--------+----------+-------------------------------------------------------------------------------------+
; Port                ; Type   ; Severity ; Details                                                                             ;
+---------------------+--------+----------+-------------------------------------------------------------------------------------+
; mem_address[19..16] ; Output ; Info     ; Connected to dangling logic. Logic that only feeds a dangling port will be removed. ;
; IR[10..6]           ; Output ; Info     ; Connected to dangling logic. Logic that only feeds a dangling port will be removed. ;
; IR[4..0]            ; Output ; Info     ; Connected to dangling logic. Logic that only feeds a dangling port will be removed. ;
+---------------------+--------+----------+-------------------------------------------------------------------------------------+


+----------------------------------------------+
; Port Connectivity Checks: "test_memory:test" ;
+-----------+-------+----------+---------------+
; Port      ; Type  ; Severity ; Details       ;
+-----------+-------+----------+---------------+
; A[19..16] ; Input ; Info     ; Stuck at GND  ;
+-----------+-------+----------+---------------+


+-----------------------------------------------------+
; Post-Synthesis Netlist Statistics for Top Partition ;
+-----------------------+-----------------------------+
; Type                  ; Count                       ;
+-----------------------+-----------------------------+
; boundary_port         ; 101                         ;
; cycloneiii_ff         ; 4375                        ;
;     ENA               ; 206                         ;
;     ENA CLR           ; 4096                        ;
;     ENA SCLR SLD      ; 16                          ;
;     SCLR              ; 3                           ;
;     plain             ; 54                          ;
; cycloneiii_io_obuf    ; 16                          ;
; cycloneiii_lcell_comb ; 4523                        ;
;     arith             ; 45                          ;
;         2 data inputs ; 15                          ;
;         3 data inputs ; 30                          ;
;     normal            ; 4478                        ;
;         0 data inputs ; 1                           ;
;         1 data inputs ; 983                         ;
;         2 data inputs ; 64                          ;
;         3 data inputs ; 328                         ;
;         4 data inputs ; 3102                        ;
;                       ;                             ;
; Max LUT depth         ; 13.60                       ;
; Average LUT depth     ; 6.57                        ;
+-----------------------+-----------------------------+


+-------------------------------+
; Elapsed Time Per Partition    ;
+----------------+--------------+
; Partition Name ; Elapsed Time ;
+----------------+--------------+
; Top            ; 00:00:09     ;
+----------------+--------------+


+-------------------------------+
; Analysis & Synthesis Messages ;
+-------------------------------+
Info: *******************************************************************
Info: Running Quartus II 64-Bit Analysis & Synthesis
    Info: Version 15.0.0 Build 145 04/22/2015 SJ Web Edition
    Info: Processing started: Thu Mar 02 19:46:42 2017
Info: Command: quartus_map --read_settings_files=on --write_settings_files=off lc3 -c lc3
Warning (20028): Parallel compilation is not licensed and has been disabled
Info (12021): Found 1 design units, including 1 entities, in source file testbench.sv
    Info (12023): Found entity 1: testbench
Info (12021): Found 2 design units, including 1 entities, in source file test_memory.sv
    Info (12022): Found design unit 1: SLC3_2 (SystemVerilog)
    Info (12023): Found entity 1: test_memory
Info (12021): Found 1 design units, including 1 entities, in source file zxt.sv
    Info (12023): Found entity 1: zext
Info (12021): Found 1 design units, including 1 entities, in source file tristate.sv
    Info (12023): Found entity 1: tristate
Info (12021): Found 0 design units, including 0 entities, in source file slc3_2.sv
Info (12021): Found 1 design units, including 1 entities, in source file slc3.sv
    Info (12023): Found entity 1: slc3
Info (12021): Found 1 design units, including 1 entities, in source file register.sv
    Info (12023): Found entity 1: register
Info (12021): Found 1 design units, including 1 entities, in source file mem2io.sv
    Info (12023): Found entity 1: Mem2IO
Info (12021): Found 1 design units, including 1 entities, in source file isdu.sv
    Info (12023): Found entity 1: ISDU
Info (12021): Found 1 design units, including 1 entities, in source file hexdriver.sv
    Info (12023): Found entity 1: HexDriver
Info (12021): Found 1 design units, including 1 entities, in source file datapath.sv
    Info (12023): Found entity 1: datapath
Info (12021): Found 1 design units, including 1 entities, in source file bus.sv
    Info (12023): Found entity 1: bus
Info (12021): Found 1 design units, including 1 entities, in source file 4to1_mux.sv
    Info (12023): Found entity 1: mux4
Info (12021): Found 1 design units, including 1 entities, in source file 2to1_mux.sv
    Info (12023): Found entity 1: mux2
Info (12021): Found 1 design units, including 1 entities, in source file 16bit register.sv
    Info (12023): Found entity 1: Register_16bit
Info (12021): Found 1 design units, including 1 entities, in source file alu.sv
    Info (12023): Found entity 1: ALU
Info (12021): Found 1 design units, including 1 entities, in source file regfile.sv
    Info (12023): Found entity 1: regfile
Info (12021): Found 1 design units, including 1 entities, in source file sext.sv
    Info (12023): Found entity 1: sext
Info (12021): Found 1 design units, including 1 entities, in source file ben.sv
    Info (12023): Found entity 1: ben
Info (12021): Found 1 design units, including 1 entities, in source file benlogic.sv
    Info (12023): Found entity 1: ben_logic
Info (12127): Elaborating entity "slc3" for the top level hierarchy
Info (12128): Elaborating entity "test_memory" for hierarchy "test_memory:test"
Warning (10230): Verilog HDL assignment warning at SLC3_2.sv(110): truncated value with size 32 to match size of target (5)
Info (12128): Elaborating entity "HexDriver" for hierarchy "HexDriver:hex_drivers[0]"
Info (12128): Elaborating entity "datapath" for hierarchy "datapath:D0"
Info (12128): Elaborating entity "mux4" for hierarchy "datapath:D0|mux4:pcmux"
Info (12128): Elaborating entity "register" for hierarchy "datapath:D0|register:pc_reg"
Info (12128): Elaborating entity "ben_logic" for hierarchy "datapath:D0|ben_logic:BEN_logic"
Info (12128): Elaborating entity "register" for hierarchy "datapath:D0|register:nzp_reg"
Info (12128): Elaborating entity "ben" for hierarchy "datapath:D0|ben:ben2logic"
Info (12128): Elaborating entity "sext" for hierarchy "datapath:D0|sext:sext_11"
Info (12128): Elaborating entity "sext" for hierarchy "datapath:D0|sext:sext_9"
Info (12128): Elaborating entity "sext" for hierarchy "datapath:D0|sext:sext_6"
Info (12128): Elaborating entity "sext" for hierarchy "datapath:D0|sext:sext_5"
Info (12128): Elaborating entity "mux2" for hierarchy "datapath:D0|mux2:addr1mux"
Info (12128): Elaborating entity "ALU" for hierarchy "datapath:D0|ALU:alu"
Info (12128): Elaborating entity "regfile" for hierarchy "datapath:D0|regfile:register_file"
Info (12128): Elaborating entity "zext" for hierarchy "datapath:D0|zext:mar_zext"
Info (12128): Elaborating entity "register" for hierarchy "datapath:D0|register:led"
Info (12128): Elaborating entity "bus" for hierarchy "datapath:D0|bus:bus1"
Info (12128): Elaborating entity "Mem2IO" for hierarchy "Mem2IO:memory_subsystem"
Info (12128): Elaborating entity "tristate" for hierarchy "tristate:tr0"
Info (12128): Elaborating entity "ISDU" for hierarchy "ISDU:state_controller"
Warning (10272): Verilog HDL Case Statement warning at ISDU.sv(249): case item expression covers a value already covered by a previous case item
Info (276014): Found 1 instances of uninferred RAM logic
    Info (276004): RAM logic "datapath:D0|regfile:register_file|data" is uninferred due to inappropriate RAM size
Warning (12241): 2 hierarchies have connectivity warnings - see the Connectivity Checks report folder
Info (13000): Registers with preset signals will power-up high
Info (13003): DEV_CLRn pin will set, and not reset, register with preset signal due to NOT Gate Push-Back
Warning (13024): Output pins are stuck at VCC or GND
    Warning (13410): Pin "CE" is stuck at GND
    Warning (13410): Pin "UB" is stuck at GND
    Warning (13410): Pin "LB" is stuck at GND
    Warning (13410): Pin "ADDR[16]" is stuck at GND
    Warning (13410): Pin "ADDR[17]" is stuck at GND
    Warning (13410): Pin "ADDR[18]" is stuck at GND
    Warning (13410): Pin "ADDR[19]" is stuck at GND
Info (286030): Timing-Driven Synthesis is running
Info (17049): 6 registers lost all their fanouts during netlist optimizations.
Info (144001): Generated suppressed messages file E:/lab6 week2/output_files/lc3.map.smsg
Info (16010): Generating hard_block partition "hard_block:auto_generated_inst"
    Info (16011): Adding 0 node(s), including 0 DDIO, 0 PLL, 0 transceiver and 0 LCELL
Info (21057): Implemented 7929 device resources after synthesis - the final resource count might be different
    Info (21058): Implemented 20 input pins
    Info (21059): Implemented 65 output pins
    Info (21060): Implemented 16 bidirectional pins
    Info (21061): Implemented 7828 logic cells
Info: Quartus II 64-Bit Analysis & Synthesis was successful. 0 errors, 12 warnings
    Info: Peak virtual memory: 723 megabytes
    Info: Processing ended: Thu Mar 02 19:47:16 2017
    Info: Elapsed time: 00:00:34
    Info: Total CPU time (on all processors): 00:00:30


+------------------------------------------+
; Analysis & Synthesis Suppressed Messages ;
+------------------------------------------+
The suppressed messages can be found in E:/lab6 week2/output_files/lc3.map.smsg.


