Analysis & Synthesis report for lc3_processor
Sun Feb 19 08:49:38 2017
Quartus II 64-Bit Version 15.0.0 Build 145 04/22/2015 SJ Web Edition


---------------------
; Table of Contents ;
---------------------
  1. Legal Notice
  2. Analysis & Synthesis Summary
  3. Analysis & Synthesis Settings
  4. Parallel Compilation
  5. Analysis & Synthesis Source Files Read
  6. Analysis & Synthesis Resource Usage Summary
  7. Analysis & Synthesis Resource Utilization by Entity
  8. State Machine - |slc3|ISDU:state_controller|State
  9. Registers Removed During Synthesis
 10. Removed Registers Triggering Further Register Optimizations
 11. General Register Statistics
 12. Multiplexer Restructuring Statistics (Restructuring Performed)
 13. Parameter Settings for User Entity Instance: datapath:comb_43|register:pc_reg
 14. Parameter Settings for User Entity Instance: datapath:comb_43|register:ir_reg
 15. Parameter Settings for User Entity Instance: datapath:comb_43|register:mdr_reg
 16. Parameter Settings for User Entity Instance: datapath:comb_43|register:mar_reg
 17. Parameter Settings for User Entity Instance: tristate:tr0
 18. Port Connectivity Checks: "ISDU:state_controller"
 19. Port Connectivity Checks: "Mem2IO:memory_subsystem"
 20. Port Connectivity Checks: "datapath:comb_43|mux2:marmux"
 21. Port Connectivity Checks: "datapath:comb_43|register:mdr_reg"
 22. Port Connectivity Checks: "datapath:comb_43|mux2:mdr_mux"
 23. Port Connectivity Checks: "datapath:comb_43|mux4:pcmux"
 24. Port Connectivity Checks: "datapath:comb_43"
 25. Post-Synthesis Netlist Statistics for Top Partition
 26. Elapsed Time Per Partition
 27. Analysis & Synthesis Messages
 28. Analysis & Synthesis Suppressed Messages



----------------
; Legal Notice ;
----------------
Copyright (C) 1991-2015 Altera Corporation. All rights reserved.
Your use of Altera Corporation's design tools, logic functions 
and other software and tools, and its AMPP partner logic 
functions, and any output files from any of the foregoing 
(including device programming or simulation files), and any 
associated documentation or information are expressly subject 
to the terms and conditions of the Altera Program License 
Subscription Agreement, the Altera Quartus II License Agreement,
the Altera MegaCore Function License Agreement, or other 
applicable license agreement, including, without limitation, 
that your use is for the sole purpose of programming logic 
devices manufactured by Altera and sold by Altera or its 
authorized distributors.  Please refer to the applicable 
agreement for further details.



+---------------------------------------------------------------------------------+
; Analysis & Synthesis Summary                                                    ;
+------------------------------------+--------------------------------------------+
; Analysis & Synthesis Status        ; Successful - Sun Feb 19 08:49:38 2017      ;
; Quartus II 64-Bit Version          ; 15.0.0 Build 145 04/22/2015 SJ Web Edition ;
; Revision Name                      ; lc3_processor                              ;
; Top-level Entity Name              ; slc3                                       ;
; Family                             ; Cyclone IV E                               ;
; Total logic elements               ; 9                                          ;
;     Total combinational functions  ; 9                                          ;
;     Dedicated logic registers      ; 7                                          ;
; Total registers                    ; 7                                          ;
; Total pins                         ; 101                                        ;
; Total virtual pins                 ; 0                                          ;
; Total memory bits                  ; 0                                          ;
; Embedded Multiplier 9-bit elements ; 0                                          ;
; Total PLLs                         ; 0                                          ;
+------------------------------------+--------------------------------------------+


+----------------------------------------------------------------------------------------------------------------------+
; Analysis & Synthesis Settings                                                                                        ;
+----------------------------------------------------------------------------+--------------------+--------------------+
; Option                                                                     ; Setting            ; Default Value      ;
+----------------------------------------------------------------------------+--------------------+--------------------+
; Device                                                                     ; EP4CE115F29C7      ;                    ;
; Top-level entity name                                                      ; slc3               ; lc3_processor      ;
; Family name                                                                ; Cyclone IV E       ; Cyclone V          ;
; Use smart compilation                                                      ; Off                ; Off                ;
; Enable parallel Assembler and TimeQuest Timing Analyzer during compilation ; On                 ; On                 ;
; Enable compact report table                                                ; Off                ; Off                ;
; Restructure Multiplexers                                                   ; Auto               ; Auto               ;
; Create Debugging Nodes for IP Cores                                        ; Off                ; Off                ;
; Preserve fewer node names                                                  ; On                 ; On                 ;
; Disable OpenCore Plus hardware evaluation                                  ; Off                ; Off                ;
; Verilog Version                                                            ; Verilog_2001       ; Verilog_2001       ;
; VHDL Version                                                               ; VHDL_1993          ; VHDL_1993          ;
; State Machine Processing                                                   ; Auto               ; Auto               ;
; Safe State Machine                                                         ; Off                ; Off                ;
; Extract Verilog State Machines                                             ; On                 ; On                 ;
; Extract VHDL State Machines                                                ; On                 ; On                 ;
; Ignore Verilog initial constructs                                          ; Off                ; Off                ;
; Iteration limit for constant Verilog loops                                 ; 5000               ; 5000               ;
; Iteration limit for non-constant Verilog loops                             ; 250                ; 250                ;
; Add Pass-Through Logic to Inferred RAMs                                    ; On                 ; On                 ;
; Infer RAMs from Raw Logic                                                  ; On                 ; On                 ;
; Parallel Synthesis                                                         ; On                 ; On                 ;
; DSP Block Balancing                                                        ; Auto               ; Auto               ;
; NOT Gate Push-Back                                                         ; On                 ; On                 ;
; Power-Up Don't Care                                                        ; On                 ; On                 ;
; Remove Redundant Logic Cells                                               ; Off                ; Off                ;
; Remove Duplicate Registers                                                 ; On                 ; On                 ;
; Ignore CARRY Buffers                                                       ; Off                ; Off                ;
; Ignore CASCADE Buffers                                                     ; Off                ; Off                ;
; Ignore GLOBAL Buffers                                                      ; Off                ; Off                ;
; Ignore ROW GLOBAL Buffers                                                  ; Off                ; Off                ;
; Ignore LCELL Buffers                                                       ; Off                ; Off                ;
; Ignore SOFT Buffers                                                        ; On                 ; On                 ;
; Limit AHDL Integers to 32 Bits                                             ; Off                ; Off                ;
; Optimization Technique                                                     ; Balanced           ; Balanced           ;
; Carry Chain Length                                                         ; 70                 ; 70                 ;
; Auto Carry Chains                                                          ; On                 ; On                 ;
; Auto Open-Drain Pins                                                       ; On                 ; On                 ;
; Perform WYSIWYG Primitive Resynthesis                                      ; Off                ; Off                ;
; Auto ROM Replacement                                                       ; On                 ; On                 ;
; Auto RAM Replacement                                                       ; On                 ; On                 ;
; Auto DSP Block Replacement                                                 ; On                 ; On                 ;
; Auto Shift Register Replacement                                            ; Auto               ; Auto               ;
; Allow Shift Register Merging across Hierarchies                            ; Auto               ; Auto               ;
; Auto Clock Enable Replacement                                              ; On                 ; On                 ;
; Strict RAM Replacement                                                     ; Off                ; Off                ;
; Allow Synchronous Control Signals                                          ; On                 ; On                 ;
; Force Use of Synchronous Clear Signals                                     ; Off                ; Off                ;
; Auto RAM Block Balancing                                                   ; On                 ; On                 ;
; Auto RAM to Logic Cell Conversion                                          ; Off                ; Off                ;
; Auto Resource Sharing                                                      ; Off                ; Off                ;
; Allow Any RAM Size For Recognition                                         ; Off                ; Off                ;
; Allow Any ROM Size For Recognition                                         ; Off                ; Off                ;
; Allow Any Shift Register Size For Recognition                              ; Off                ; Off                ;
; Use LogicLock Constraints during Resource Balancing                        ; On                 ; On                 ;
; Ignore translate_off and synthesis_off directives                          ; Off                ; Off                ;
; Timing-Driven Synthesis                                                    ; On                 ; On                 ;
; Report Parameter Settings                                                  ; On                 ; On                 ;
; Report Source Assignments                                                  ; On                 ; On                 ;
; Report Connectivity Checks                                                 ; On                 ; On                 ;
; Ignore Maximum Fan-Out Assignments                                         ; Off                ; Off                ;
; Synchronization Register Chain Length                                      ; 2                  ; 2                  ;
; PowerPlay Power Optimization During Synthesis                              ; Normal compilation ; Normal compilation ;
; HDL message level                                                          ; Level2             ; Level2             ;
; Suppress Register Optimization Related Messages                            ; Off                ; Off                ;
; Number of Removed Registers Reported in Synthesis Report                   ; 5000               ; 5000               ;
; Number of Swept Nodes Reported in Synthesis Report                         ; 5000               ; 5000               ;
; Number of Inverted Registers Reported in Synthesis Report                  ; 100                ; 100                ;
; Clock MUX Protection                                                       ; On                 ; On                 ;
; Auto Gated Clock Conversion                                                ; Off                ; Off                ;
; Block Design Naming                                                        ; Auto               ; Auto               ;
; SDC constraint protection                                                  ; Off                ; Off                ;
; Synthesis Effort                                                           ; Auto               ; Auto               ;
; Shift Register Replacement - Allow Asynchronous Clear Signal               ; On                 ; On                 ;
; Pre-Mapping Resynthesis Optimization                                       ; Off                ; Off                ;
; Analysis & Synthesis Message Level                                         ; Medium             ; Medium             ;
; Disable Register Merging Across Hierarchies                                ; Auto               ; Auto               ;
; Resource Aware Inference For Block RAM                                     ; On                 ; On                 ;
; Synthesis Seed                                                             ; 1                  ; 1                  ;
+----------------------------------------------------------------------------+--------------------+--------------------+


+------------------------------------------+
; Parallel Compilation                     ;
+----------------------------+-------------+
; Processors                 ; Number      ;
+----------------------------+-------------+
; Number detected on machine ; 4           ;
; Maximum allowed            ; 2           ;
;                            ;             ;
; Average used               ; 1.00        ;
; Maximum used               ; 2           ;
;                            ;             ;
; Usage by Processor         ; % Time Used ;
;     Processor 1            ; 100.0%      ;
;     Processor 2            ; < 0.1%      ;
;     Processors 3-4         ;   0.0%      ;
+----------------------------+-------------+


+-----------------------------------------------------------------------------------------------------------------------------------------------------+
; Analysis & Synthesis Source Files Read                                                                                                              ;
+----------------------------------+-----------------+------------------------------+-------------------------------------------------------+---------+
; File Name with User-Entered Path ; Used in Netlist ; File Type                    ; File Name with Absolute Path                          ; Library ;
+----------------------------------+-----------------+------------------------------+-------------------------------------------------------+---------+
; D:/ECE385/Lab5/HexDriver.sv      ; yes             ; User SystemVerilog HDL File  ; D:/ECE385/Lab5/HexDriver.sv                           ;         ;
; register.sv                      ; yes             ; User SystemVerilog HDL File  ; C:/Users/Suicheng Zhan/Desktop/385/ece385/register.sv ;         ;
; 4to1_mux.sv                      ; yes             ; User SystemVerilog HDL File  ; C:/Users/Suicheng Zhan/Desktop/385/ece385/4to1_mux.sv ;         ;
; 2to1_mux.sv                      ; yes             ; User SystemVerilog HDL File  ; C:/Users/Suicheng Zhan/Desktop/385/ece385/2to1_mux.sv ;         ;
; tristate.sv                      ; yes             ; User SystemVerilog HDL File  ; C:/Users/Suicheng Zhan/Desktop/385/ece385/tristate.sv ;         ;
; slc3.sv                          ; yes             ; User SystemVerilog HDL File  ; C:/Users/Suicheng Zhan/Desktop/385/ece385/slc3.sv     ;         ;
; Mem2IO.sv                        ; yes             ; User SystemVerilog HDL File  ; C:/Users/Suicheng Zhan/Desktop/385/ece385/Mem2IO.sv   ;         ;
; ISDU.sv                          ; yes             ; User SystemVerilog HDL File  ; C:/Users/Suicheng Zhan/Desktop/385/ece385/ISDU.sv     ;         ;
; zxt.sv                           ; yes             ; User SystemVerilog HDL File  ; C:/Users/Suicheng Zhan/Desktop/385/ece385/zxt.sv      ;         ;
; datapath.sv                      ; yes             ; User SystemVerilog HDL File  ; C:/Users/Suicheng Zhan/Desktop/385/ece385/datapath.sv ;         ;
+----------------------------------+-----------------+------------------------------+-------------------------------------------------------+---------+


+-----------------------------------------------------------+
; Analysis & Synthesis Resource Usage Summary               ;
+---------------------------------------------+-------------+
; Resource                                    ; Usage       ;
+---------------------------------------------+-------------+
; Estimated Total logic elements              ; 9           ;
;                                             ;             ;
; Total combinational functions               ; 9           ;
; Logic element usage by number of LUT inputs ;             ;
;     -- 4 input functions                    ; 3           ;
;     -- 3 input functions                    ; 1           ;
;     -- <=2 input functions                  ; 5           ;
;                                             ;             ;
; Logic elements by mode                      ;             ;
;     -- normal mode                          ; 9           ;
;     -- arithmetic mode                      ; 0           ;
;                                             ;             ;
; Total registers                             ; 7           ;
;     -- Dedicated logic registers            ; 7           ;
;     -- I/O registers                        ; 0           ;
;                                             ;             ;
; I/O pins                                    ; 101         ;
;                                             ;             ;
; Embedded Multiplier 9-bit elements          ; 0           ;
;                                             ;             ;
; Maximum fan-out node                        ; Reset~input ;
; Maximum fan-out                             ; 7           ;
; Total fan-out                               ; 157         ;
; Average fan-out                             ; 0.67        ;
+---------------------------------------------+-------------+


+-------------------------------------------------------------------------------------------------------------------------------------------------------------------------------------+
; Analysis & Synthesis Resource Utilization by Entity                                                                                                                                 ;
+----------------------------+-------------------+--------------+-------------+--------------+---------+-----------+------+--------------+-----------------------------+--------------+
; Compilation Hierarchy Node ; LC Combinationals ; LC Registers ; Memory Bits ; DSP Elements ; DSP 9x9 ; DSP 18x18 ; Pins ; Virtual Pins ; Full Hierarchy Name         ; Library Name ;
+----------------------------+-------------------+--------------+-------------+--------------+---------+-----------+------+--------------+-----------------------------+--------------+
; |slc3                      ; 9 (0)             ; 7 (0)        ; 0           ; 0            ; 0       ; 0         ; 101  ; 0            ; |slc3                       ; work         ;
;    |ISDU:state_controller| ; 9 (9)             ; 7 (7)        ; 0           ; 0            ; 0       ; 0         ; 0    ; 0            ; |slc3|ISDU:state_controller ; work         ;
+----------------------------+-------------------+--------------+-------------+--------------+---------+-----------+------+--------------+-----------------------------+--------------+
Note: For table entries with two numbers listed, the numbers in parentheses indicate the number of resources of the given type used by the specific entity alone. The numbers listed outside of parentheses indicate the total resources of the given type used by the specific entity and all of its sub-entities in the hierarchy.


Encoding Type:  One-Hot
+---------------------------------------------------------------------------------------------------------------------------------------------------+
; State Machine - |slc3|ISDU:state_controller|State                                                                                                 ;
+----------------+------------+------------+--------------+--------------+------------+----------------+----------------+--------------+------------+
; Name           ; State.S_32 ; State.S_35 ; State.S_33_2 ; State.S_33_1 ; State.S_18 ; State.PauseIR2 ; State.PauseIR1 ; State.Halted ; State.S_01 ;
+----------------+------------+------------+--------------+--------------+------------+----------------+----------------+--------------+------------+
; State.Halted   ; 0          ; 0          ; 0            ; 0            ; 0          ; 0              ; 0              ; 0            ; 0          ;
; State.PauseIR1 ; 0          ; 0          ; 0            ; 0            ; 0          ; 0              ; 1              ; 1            ; 0          ;
; State.PauseIR2 ; 0          ; 0          ; 0            ; 0            ; 0          ; 1              ; 0              ; 1            ; 0          ;
; State.S_18     ; 0          ; 0          ; 0            ; 0            ; 1          ; 0              ; 0              ; 1            ; 0          ;
; State.S_33_1   ; 0          ; 0          ; 0            ; 1            ; 0          ; 0              ; 0              ; 1            ; 0          ;
; State.S_33_2   ; 0          ; 0          ; 1            ; 0            ; 0          ; 0              ; 0              ; 1            ; 0          ;
; State.S_35     ; 0          ; 1          ; 0            ; 0            ; 0          ; 0              ; 0              ; 1            ; 0          ;
; State.S_32     ; 1          ; 0          ; 0            ; 0            ; 0          ; 0              ; 0              ; 1            ; 0          ;
; State.S_01     ; 0          ; 0          ; 0            ; 0            ; 0          ; 0              ; 0              ; 1            ; 1          ;
+----------------+------------+------------+--------------+--------------+------------+----------------+----------------+--------------+------------+


+----------------------------------------------------------------------------------------+
; Registers Removed During Synthesis                                                     ;
+-----------------------------------------------+----------------------------------------+
; Register name                                 ; Reason for Removal                     ;
+-----------------------------------------------+----------------------------------------+
; tristate:tr0|Data_write_buffer[0..15]         ; Stuck at GND due to stuck port data_in ;
; datapath:comb_43|register:pc_reg|data[0..15]  ; Stuck at GND due to stuck port data_in ;
; datapath:comb_43|register:mar_reg|data[0..15] ; Stuck at GND due to stuck port data_in ;
; datapath:comb_43|register:ir_reg|data[0..15]  ; Stuck at GND due to stuck port data_in ;
; tristate:tr0|Data_read_buffer[0..15]          ; Lost fanout                            ;
; ISDU:state_controller|State.S_32              ; Lost fanout                            ;
; ISDU:state_controller|State.S_01              ; Lost fanout                            ;
; ISDU:state_controller|State~2                 ; Lost fanout                            ;
; ISDU:state_controller|State~3                 ; Lost fanout                            ;
; ISDU:state_controller|State~4                 ; Lost fanout                            ;
; Total Number of Removed Registers = 85        ;                                        ;
+-----------------------------------------------+----------------------------------------+


+-------------------------------------------------------------------------------------------------------------------------------------------------------------+
; Removed Registers Triggering Further Register Optimizations                                                                                                 ;
+-------------------------------------------+---------------------------+-------------------------------------------------------------------------------------+
; Register name                             ; Reason for Removal        ; Registers Removed due to This Register                                              ;
+-------------------------------------------+---------------------------+-------------------------------------------------------------------------------------+
; datapath:comb_43|register:pc_reg|data[4]  ; Stuck at GND              ; datapath:comb_43|register:mar_reg|data[4],                                          ;
;                                           ; due to stuck port data_in ; datapath:comb_43|register:ir_reg|data[0], datapath:comb_43|register:ir_reg|data[1], ;
;                                           ;                           ; datapath:comb_43|register:ir_reg|data[2], datapath:comb_43|register:ir_reg|data[3], ;
;                                           ;                           ; datapath:comb_43|register:ir_reg|data[4], datapath:comb_43|register:ir_reg|data[5], ;
;                                           ;                           ; datapath:comb_43|register:ir_reg|data[6], datapath:comb_43|register:ir_reg|data[7], ;
;                                           ;                           ; datapath:comb_43|register:ir_reg|data[8], datapath:comb_43|register:ir_reg|data[9], ;
;                                           ;                           ; datapath:comb_43|register:ir_reg|data[10],                                          ;
;                                           ;                           ; datapath:comb_43|register:ir_reg|data[11],                                          ;
;                                           ;                           ; datapath:comb_43|register:ir_reg|data[12],                                          ;
;                                           ;                           ; datapath:comb_43|register:ir_reg|data[13],                                          ;
;                                           ;                           ; datapath:comb_43|register:ir_reg|data[14],                                          ;
;                                           ;                           ; datapath:comb_43|register:ir_reg|data[15], tristate:tr0|Data_read_buffer[0],        ;
;                                           ;                           ; tristate:tr0|Data_read_buffer[1], tristate:tr0|Data_read_buffer[2],                 ;
;                                           ;                           ; tristate:tr0|Data_read_buffer[3], tristate:tr0|Data_read_buffer[4],                 ;
;                                           ;                           ; tristate:tr0|Data_read_buffer[5], tristate:tr0|Data_read_buffer[6],                 ;
;                                           ;                           ; tristate:tr0|Data_read_buffer[7], tristate:tr0|Data_read_buffer[8],                 ;
;                                           ;                           ; tristate:tr0|Data_read_buffer[9], tristate:tr0|Data_read_buffer[10],                ;
;                                           ;                           ; tristate:tr0|Data_read_buffer[11], tristate:tr0|Data_read_buffer[12],               ;
;                                           ;                           ; tristate:tr0|Data_read_buffer[13], tristate:tr0|Data_read_buffer[14],               ;
;                                           ;                           ; tristate:tr0|Data_read_buffer[15]                                                   ;
; datapath:comb_43|register:pc_reg|data[3]  ; Stuck at GND              ; datapath:comb_43|register:mar_reg|data[3]                                           ;
;                                           ; due to stuck port data_in ;                                                                                     ;
; datapath:comb_43|register:pc_reg|data[2]  ; Stuck at GND              ; datapath:comb_43|register:mar_reg|data[2]                                           ;
;                                           ; due to stuck port data_in ;                                                                                     ;
; datapath:comb_43|register:pc_reg|data[1]  ; Stuck at GND              ; datapath:comb_43|register:mar_reg|data[1]                                           ;
;                                           ; due to stuck port data_in ;                                                                                     ;
; datapath:comb_43|register:pc_reg|data[0]  ; Stuck at GND              ; datapath:comb_43|register:mar_reg|data[0]                                           ;
;                                           ; due to stuck port data_in ;                                                                                     ;
; datapath:comb_43|register:pc_reg|data[5]  ; Stuck at GND              ; datapath:comb_43|register:mar_reg|data[5]                                           ;
;                                           ; due to stuck port data_in ;                                                                                     ;
; datapath:comb_43|register:pc_reg|data[6]  ; Stuck at GND              ; datapath:comb_43|register:mar_reg|data[6]                                           ;
;                                           ; due to stuck port data_in ;                                                                                     ;
; datapath:comb_43|register:pc_reg|data[7]  ; Stuck at GND              ; datapath:comb_43|register:mar_reg|data[7]                                           ;
;                                           ; due to stuck port data_in ;                                                                                     ;
; datapath:comb_43|register:pc_reg|data[8]  ; Stuck at GND              ; datapath:comb_43|register:mar_reg|data[8]                                           ;
;                                           ; due to stuck port data_in ;                                                                                     ;
; datapath:comb_43|register:pc_reg|data[9]  ; Stuck at GND              ; datapath:comb_43|register:mar_reg|data[9]                                           ;
;                                           ; due to stuck port data_in ;                                                                                     ;
; datapath:comb_43|register:pc_reg|data[10] ; Stuck at GND              ; datapath:comb_43|register:mar_reg|data[10]                                          ;
;                                           ; due to stuck port data_in ;                                                                                     ;
; datapath:comb_43|register:pc_reg|data[11] ; Stuck at GND              ; datapath:comb_43|register:mar_reg|data[11]                                          ;
;                                           ; due to stuck port data_in ;                                                                                     ;
; datapath:comb_43|register:pc_reg|data[12] ; Stuck at GND              ; datapath:comb_43|register:mar_reg|data[12]                                          ;
;                                           ; due to stuck port data_in ;                                                                                     ;
; datapath:comb_43|register:pc_reg|data[13] ; Stuck at GND              ; datapath:comb_43|register:mar_reg|data[13]                                          ;
;                                           ; due to stuck port data_in ;                                                                                     ;
; datapath:comb_43|register:pc_reg|data[14] ; Stuck at GND              ; datapath:comb_43|register:mar_reg|data[14]                                          ;
;                                           ; due to stuck port data_in ;                                                                                     ;
; datapath:comb_43|register:pc_reg|data[15] ; Stuck at GND              ; datapath:comb_43|register:mar_reg|data[15]                                          ;
;                                           ; due to stuck port data_in ;                                                                                     ;
+-------------------------------------------+---------------------------+-------------------------------------------------------------------------------------+


+------------------------------------------------------+
; General Register Statistics                          ;
+----------------------------------------------+-------+
; Statistic                                    ; Value ;
+----------------------------------------------+-------+
; Total registers                              ; 7     ;
; Number of registers using Synchronous Clear  ; 0     ;
; Number of registers using Synchronous Load   ; 0     ;
; Number of registers using Asynchronous Clear ; 0     ;
; Number of registers using Asynchronous Load  ; 0     ;
; Number of registers using Clock Enable       ; 0     ;
; Number of registers using Preset             ; 0     ;
+----------------------------------------------+-------+


+-------------------------------------------------------------------------------------------------------------------------------------------------+
; Multiplexer Restructuring Statistics (Restructuring Performed)                                                                                  ;
+--------------------+-----------+---------------+----------------------+------------------------+------------+-----------------------------------+
; Multiplexer Inputs ; Bus Width ; Baseline Area ; Area if Restructured ; Saving if Restructured ; Registered ; Example Multiplexer Output        ;
+--------------------+-----------+---------------+----------------------+------------------------+------------+-----------------------------------+
; 4:1                ; 2 bits    ; 4 LEs         ; 4 LEs                ; 0 LEs                  ; No         ; |slc3|ISDU:state_controller|State ;
+--------------------+-----------+---------------+----------------------+------------------------+------------+-----------------------------------+


+-------------------------------------------------------------------------------+
; Parameter Settings for User Entity Instance: datapath:comb_43|register:pc_reg ;
+----------------+-------+------------------------------------------------------+
; Parameter Name ; Value ; Type                                                 ;
+----------------+-------+------------------------------------------------------+
; width          ; 16    ; Signed Integer                                       ;
+----------------+-------+------------------------------------------------------+
Note: In order to hide this table in the UI and the text report file, please set the "Show Parameter Settings in Synthesis Report" option in "Analysis and Synthesis Settings -> More Settings" to "Off".


+-------------------------------------------------------------------------------+
; Parameter Settings for User Entity Instance: datapath:comb_43|register:ir_reg ;
+----------------+-------+------------------------------------------------------+
; Parameter Name ; Value ; Type                                                 ;
+----------------+-------+------------------------------------------------------+
; width          ; 16    ; Signed Integer                                       ;
+----------------+-------+------------------------------------------------------+
Note: In order to hide this table in the UI and the text report file, please set the "Show Parameter Settings in Synthesis Report" option in "Analysis and Synthesis Settings -> More Settings" to "Off".


+--------------------------------------------------------------------------------+
; Parameter Settings for User Entity Instance: datapath:comb_43|register:mdr_reg ;
+----------------+-------+-------------------------------------------------------+
; Parameter Name ; Value ; Type                                                  ;
+----------------+-------+-------------------------------------------------------+
; width          ; 16    ; Signed Integer                                        ;
+----------------+-------+-------------------------------------------------------+
Note: In order to hide this table in the UI and the text report file, please set the "Show Parameter Settings in Synthesis Report" option in "Analysis and Synthesis Settings -> More Settings" to "Off".


+--------------------------------------------------------------------------------+
; Parameter Settings for User Entity Instance: datapath:comb_43|register:mar_reg ;
+----------------+-------+-------------------------------------------------------+
; Parameter Name ; Value ; Type                                                  ;
+----------------+-------+-------------------------------------------------------+
; width          ; 16    ; Signed Integer                                        ;
+----------------+-------+-------------------------------------------------------+
Note: In order to hide this table in the UI and the text report file, please set the "Show Parameter Settings in Synthesis Report" option in "Analysis and Synthesis Settings -> More Settings" to "Off".


+-----------------------------------------------------------+
; Parameter Settings for User Entity Instance: tristate:tr0 ;
+----------------+-------+----------------------------------+
; Parameter Name ; Value ; Type                             ;
+----------------+-------+----------------------------------+
; N              ; 16    ; Signed Integer                   ;
+----------------+-------+----------------------------------+
Note: In order to hide this table in the UI and the text report file, please set the "Show Parameter Settings in Synthesis Report" option in "Analysis and Synthesis Settings -> More Settings" to "Off".


+--------------------------------------------------------------------------------------------------------------------+
; Port Connectivity Checks: "ISDU:state_controller"                                                                  ;
+----------+--------+----------+-------------------------------------------------------------------------------------+
; Port     ; Type   ; Severity ; Details                                                                             ;
+----------+--------+----------+-------------------------------------------------------------------------------------+
; BEN      ; Input  ; Info     ; Stuck at GND                                                                        ;
; LD_BEN   ; Output ; Info     ; Connected to dangling logic. Logic that only feeds a dangling port will be removed. ;
; LD_CC    ; Output ; Info     ; Connected to dangling logic. Logic that only feeds a dangling port will be removed. ;
; LD_REG   ; Output ; Info     ; Connected to dangling logic. Logic that only feeds a dangling port will be removed. ;
; LD_LED   ; Output ; Info     ; Connected to dangling logic. Logic that only feeds a dangling port will be removed. ;
; GatePC   ; Output ; Info     ; Connected to dangling logic. Logic that only feeds a dangling port will be removed. ;
; GateMDR  ; Output ; Info     ; Connected to dangling logic. Logic that only feeds a dangling port will be removed. ;
; GateALU  ; Output ; Info     ; Connected to dangling logic. Logic that only feeds a dangling port will be removed. ;
; DRMUX    ; Output ; Info     ; Connected to dangling logic. Logic that only feeds a dangling port will be removed. ;
; SR1MUX   ; Output ; Info     ; Connected to dangling logic. Logic that only feeds a dangling port will be removed. ;
; SR2MUX   ; Output ; Info     ; Connected to dangling logic. Logic that only feeds a dangling port will be removed. ;
; ADDR1MUX ; Output ; Info     ; Connected to dangling logic. Logic that only feeds a dangling port will be removed. ;
; ADDR2MUX ; Output ; Info     ; Connected to dangling logic. Logic that only feeds a dangling port will be removed. ;
; ALUK     ; Output ; Info     ; Connected to dangling logic. Logic that only feeds a dangling port will be removed. ;
+----------+--------+----------+-------------------------------------------------------------------------------------+


+-----------------------------------------------------+
; Port Connectivity Checks: "Mem2IO:memory_subsystem" ;
+--------------+-------+----------+-------------------+
; Port         ; Type  ; Severity ; Details           ;
+--------------+-------+----------+-------------------+
; ADDR[19..16] ; Input ; Info     ; Stuck at GND      ;
+--------------+-------+----------+-------------------+


+----------------------------------------------------------+
; Port Connectivity Checks: "datapath:comb_43|mux2:marmux" ;
+------+-------+----------+--------------------------------+
; Port ; Type  ; Severity ; Details                        ;
+------+-------+----------+--------------------------------+
; In1  ; Input ; Info     ; Explicitly unconnected         ;
+------+-------+----------+--------------------------------+


+----------------------------------------------------------------------------------------------------------------+
; Port Connectivity Checks: "datapath:comb_43|register:mdr_reg"                                                  ;
+------+--------+----------+-------------------------------------------------------------------------------------+
; Port ; Type   ; Severity ; Details                                                                             ;
+------+--------+----------+-------------------------------------------------------------------------------------+
; out  ; Output ; Info     ; Connected to dangling logic. Logic that only feeds a dangling port will be removed. ;
+------+--------+----------+-------------------------------------------------------------------------------------+


+-----------------------------------------------------------+
; Port Connectivity Checks: "datapath:comb_43|mux2:mdr_mux" ;
+------+-------+----------+---------------------------------+
; Port ; Type  ; Severity ; Details                         ;
+------+-------+----------+---------------------------------+
; In1  ; Input ; Info     ; Explicitly unconnected          ;
+------+-------+----------+---------------------------------+


+---------------------------------------------------------------------------------------------------------------------------------------------------------------------------------------------------------------+
; Port Connectivity Checks: "datapath:comb_43|mux4:pcmux"                                                                                                                                                       ;
+------+-------+----------+-------------------------------------------------------------------------------------------------------------------------------------------------------------------------------------+
; Port ; Type  ; Severity ; Details                                                                                                                                                                             ;
+------+-------+----------+-------------------------------------------------------------------------------------------------------------------------------------------------------------------------------------+
; In0  ; Input ; Warning  ; Input port expression (4 bits) is smaller than the input port (16 bits) it drives.  Extra input bit(s) "In0[15..4]" will be connected to GND.                                       ;
; In0  ; Input ; Info     ; Stuck at GND                                                                                                                                                                        ;
; In1  ; Input ; Warning  ; Input port expression (4 bits) is smaller than the input port (16 bits) it drives.  Extra input bit(s) "In1[15..4]" will be connected to GND.                                       ;
; In1  ; Input ; Info     ; Stuck at GND                                                                                                                                                                        ;
; In2  ; Input ; Warning  ; Input port expression (32 bits) is wider than the input port (16 bits) it drives.  The 16 most-significant bit(s) in the expression will be dangling if they have no other fanouts. ;
; In3  ; Input ; Warning  ; Input port expression (4 bits) is smaller than the input port (16 bits) it drives.  Extra input bit(s) "In3[15..4]" will be connected to GND.                                       ;
; In3  ; Input ; Info     ; Stuck at GND                                                                                                                                                                        ;
+------+-------+----------+-------------------------------------------------------------------------------------------------------------------------------------------------------------------------------------+


+----------------------------------------------------------------------------------------------------------------------------------------------------------------------+
; Port Connectivity Checks: "datapath:comb_43"                                                                                                                         ;
+-------------+--------+----------+------------------------------------------------------------------------------------------------------------------------------------+
; Port        ; Type   ; Severity ; Details                                                                                                                            ;
+-------------+--------+----------+------------------------------------------------------------------------------------------------------------------------------------+
; mem_address ; Output ; Warning  ; Output or bidir port (20 bits) is wider than the port expression (16 bits) it drives; bit(s) "mem_address[19..16]" have no fanouts ;
+-------------+--------+----------+------------------------------------------------------------------------------------------------------------------------------------+


+-----------------------------------------------------+
; Post-Synthesis Netlist Statistics for Top Partition ;
+-----------------------+-----------------------------+
; Type                  ; Count                       ;
+-----------------------+-----------------------------+
; boundary_port         ; 101                         ;
; cycloneiii_ff         ; 7                           ;
;     plain             ; 7                           ;
; cycloneiii_io_obuf    ; 16                          ;
; cycloneiii_lcell_comb ; 12                          ;
;     normal            ; 12                          ;
;         0 data inputs ; 2                           ;
;         1 data inputs ; 1                           ;
;         2 data inputs ; 5                           ;
;         3 data inputs ; 1                           ;
;         4 data inputs ; 3                           ;
;                       ;                             ;
; Max LUT depth         ; 2.00                        ;
; Average LUT depth     ; 0.77                        ;
+-----------------------+-----------------------------+


+-------------------------------+
; Elapsed Time Per Partition    ;
+----------------+--------------+
; Partition Name ; Elapsed Time ;
+----------------+--------------+
; Top            ; 00:00:01     ;
+----------------+--------------+


+-------------------------------+
; Analysis & Synthesis Messages ;
+-------------------------------+
Info: *******************************************************************
Info: Running Quartus II 64-Bit Analysis & Synthesis
    Info: Version 15.0.0 Build 145 04/22/2015 SJ Web Edition
    Info: Processing started: Sun Feb 19 08:49:21 2017
Info: Command: quartus_map --read_settings_files=on --write_settings_files=off lc3_processor -c lc3_processor
Info (11104): Parallel Compilation has detected 4 hyper-threaded processors. However, the extra hyper-threaded processors will not be used by default. Parallel Compilation will use 2 of the 2 physical processors detected instead.
Info (12021): Found 1 design units, including 1 entities, in source file d:/ece385/lab5/hexdriver.sv
    Info (12023): Found entity 1: HexDriver
Info (12021): Found 1 design units, including 1 entities, in source file register.sv
    Info (12023): Found entity 1: register
Info (12021): Found 1 design units, including 1 entities, in source file 4to1_mux.sv
    Info (12023): Found entity 1: mux4
Info (12021): Found 1 design units, including 1 entities, in source file 2to1_mux.sv
    Info (12023): Found entity 1: mux2
Info (12021): Found 1 design units, including 1 entities, in source file tristate.sv
    Info (12023): Found entity 1: tristate
Info (12021): Found 2 design units, including 1 entities, in source file test_memory.sv
    Info (12022): Found design unit 1: SLC3_2 (SystemVerilog)
    Info (12023): Found entity 1: test_memory
Info (12021): Found 0 design units, including 0 entities, in source file slc3_2.sv
Info (12021): Found 1 design units, including 1 entities, in source file slc3.sv
    Info (12023): Found entity 1: slc3
Info (12021): Found 1 design units, including 1 entities, in source file mem2io.sv
    Info (12023): Found entity 1: Mem2IO
Info (12021): Found 1 design units, including 1 entities, in source file isdu.sv
    Info (12023): Found entity 1: ISDU
Info (12021): Found 1 design units, including 1 entities, in source file zxt.sv
    Info (12023): Found entity 1: zext
Info (12021): Found 1 design units, including 1 entities, in source file datapath.sv
    Info (12023): Found entity 1: datapath
Warning (10236): Verilog HDL Implicit Net warning at Mem2IO.sv(50): created implicit net for "HEX0"
Warning (10236): Verilog HDL Implicit Net warning at Mem2IO.sv(51): created implicit net for "HEX1"
Warning (10236): Verilog HDL Implicit Net warning at Mem2IO.sv(52): created implicit net for "HEX2"
Warning (10236): Verilog HDL Implicit Net warning at Mem2IO.sv(53): created implicit net for "HEX3"
Critical Warning (10846): Verilog HDL Instantiation warning at slc3.sv(77): instance has no name
Info (12127): Elaborating entity "slc3" for the top level hierarchy
Warning (10030): Net "BEN" at slc3.sv(52) has no driver or initial value, using a default initial value '0'
Warning (10034): Output port "LED" at slc3.sv(24) has no driver
Info (12128): Elaborating entity "HexDriver" for hierarchy "HexDriver:hex_drivers[0]"
Info (12128): Elaborating entity "datapath" for hierarchy "datapath:comb_43"
Info (12128): Elaborating entity "mux4" for hierarchy "datapath:comb_43|mux4:pcmux"
Info (12128): Elaborating entity "register" for hierarchy "datapath:comb_43|register:pc_reg"
Info (12128): Elaborating entity "mux2" for hierarchy "datapath:comb_43|mux2:mdr_mux"
Info (12128): Elaborating entity "zext" for hierarchy "datapath:comb_43|zext:mar_zext"
Info (12128): Elaborating entity "Mem2IO" for hierarchy "Mem2IO:memory_subsystem"
Warning (10036): Verilog HDL or VHDL warning at Mem2IO.sv(50): object "HEX0" assigned a value but never read
Warning (10036): Verilog HDL or VHDL warning at Mem2IO.sv(51): object "HEX1" assigned a value but never read
Warning (10036): Verilog HDL or VHDL warning at Mem2IO.sv(52): object "HEX2" assigned a value but never read
Warning (10036): Verilog HDL or VHDL warning at Mem2IO.sv(53): object "HEX3" assigned a value but never read
Warning (10230): Verilog HDL assignment warning at Mem2IO.sv(50): truncated value with size 4 to match size of target (1)
Warning (10230): Verilog HDL assignment warning at Mem2IO.sv(51): truncated value with size 4 to match size of target (1)
Warning (10230): Verilog HDL assignment warning at Mem2IO.sv(52): truncated value with size 4 to match size of target (1)
Warning (10230): Verilog HDL assignment warning at Mem2IO.sv(53): truncated value with size 4 to match size of target (1)
Info (12128): Elaborating entity "tristate" for hierarchy "tristate:tr0"
Info (12128): Elaborating entity "ISDU" for hierarchy "ISDU:state_controller"
Warning (12241): 2 hierarchies have connectivity warnings - see the Connectivity Checks report folder
Warning (13024): Output pins are stuck at VCC or GND
    Warning (13410): Pin "LED[0]" is stuck at GND
    Warning (13410): Pin "LED[1]" is stuck at GND
    Warning (13410): Pin "LED[2]" is stuck at GND
    Warning (13410): Pin "LED[3]" is stuck at GND
    Warning (13410): Pin "LED[4]" is stuck at GND
    Warning (13410): Pin "LED[5]" is stuck at GND
    Warning (13410): Pin "LED[6]" is stuck at GND
    Warning (13410): Pin "LED[7]" is stuck at GND
    Warning (13410): Pin "LED[8]" is stuck at GND
    Warning (13410): Pin "LED[9]" is stuck at GND
    Warning (13410): Pin "LED[10]" is stuck at GND
    Warning (13410): Pin "LED[11]" is stuck at GND
    Warning (13410): Pin "HEX0[0]" is stuck at GND
    Warning (13410): Pin "HEX0[1]" is stuck at GND
    Warning (13410): Pin "HEX0[2]" is stuck at GND
    Warning (13410): Pin "HEX0[3]" is stuck at GND
    Warning (13410): Pin "HEX0[4]" is stuck at GND
    Warning (13410): Pin "HEX0[5]" is stuck at GND
    Warning (13410): Pin "HEX0[6]" is stuck at VCC
    Warning (13410): Pin "HEX1[0]" is stuck at GND
    Warning (13410): Pin "HEX1[1]" is stuck at GND
    Warning (13410): Pin "HEX1[2]" is stuck at GND
    Warning (13410): Pin "HEX1[3]" is stuck at GND
    Warning (13410): Pin "HEX1[4]" is stuck at GND
    Warning (13410): Pin "HEX1[5]" is stuck at GND
    Warning (13410): Pin "HEX1[6]" is stuck at VCC
    Warning (13410): Pin "HEX2[0]" is stuck at GND
    Warning (13410): Pin "HEX2[1]" is stuck at GND
    Warning (13410): Pin "HEX2[2]" is stuck at GND
    Warning (13410): Pin "HEX2[3]" is stuck at GND
    Warning (13410): Pin "HEX2[4]" is stuck at GND
    Warning (13410): Pin "HEX2[5]" is stuck at GND
    Warning (13410): Pin "HEX2[6]" is stuck at VCC
    Warning (13410): Pin "HEX3[0]" is stuck at GND
    Warning (13410): Pin "HEX3[1]" is stuck at GND
    Warning (13410): Pin "HEX3[2]" is stuck at GND
    Warning (13410): Pin "HEX3[3]" is stuck at GND
    Warning (13410): Pin "HEX3[4]" is stuck at GND
    Warning (13410): Pin "HEX3[5]" is stuck at GND
    Warning (13410): Pin "HEX3[6]" is stuck at VCC
    Warning (13410): Pin "CE" is stuck at GND
    Warning (13410): Pin "UB" is stuck at GND
    Warning (13410): Pin "LB" is stuck at GND
    Warning (13410): Pin "WE" is stuck at VCC
    Warning (13410): Pin "ADDR[0]" is stuck at GND
    Warning (13410): Pin "ADDR[1]" is stuck at GND
    Warning (13410): Pin "ADDR[2]" is stuck at GND
    Warning (13410): Pin "ADDR[3]" is stuck at GND
    Warning (13410): Pin "ADDR[4]" is stuck at GND
    Warning (13410): Pin "ADDR[5]" is stuck at GND
    Warning (13410): Pin "ADDR[6]" is stuck at GND
    Warning (13410): Pin "ADDR[7]" is stuck at GND
    Warning (13410): Pin "ADDR[8]" is stuck at GND
    Warning (13410): Pin "ADDR[9]" is stuck at GND
    Warning (13410): Pin "ADDR[10]" is stuck at GND
    Warning (13410): Pin "ADDR[11]" is stuck at GND
    Warning (13410): Pin "ADDR[12]" is stuck at GND
    Warning (13410): Pin "ADDR[13]" is stuck at GND
    Warning (13410): Pin "ADDR[14]" is stuck at GND
    Warning (13410): Pin "ADDR[15]" is stuck at GND
    Warning (13410): Pin "ADDR[16]" is stuck at GND
    Warning (13410): Pin "ADDR[17]" is stuck at GND
    Warning (13410): Pin "ADDR[18]" is stuck at GND
    Warning (13410): Pin "ADDR[19]" is stuck at GND
Info (286030): Timing-Driven Synthesis is running
Info (17049): 21 registers lost all their fanouts during netlist optimizations.
Info (144001): Generated suppressed messages file C:/Users/Suicheng Zhan/Desktop/385/ece385/output_files/lc3_processor.map.smsg
Info (16010): Generating hard_block partition "hard_block:auto_generated_inst"
    Info (16011): Adding 0 node(s), including 0 DDIO, 0 PLL, 0 transceiver and 0 LCELL
Warning (21074): Design contains 16 input pin(s) that do not drive logic
    Warning (15610): No output dependent on input pin "S[0]"
    Warning (15610): No output dependent on input pin "S[1]"
    Warning (15610): No output dependent on input pin "S[2]"
    Warning (15610): No output dependent on input pin "S[3]"
    Warning (15610): No output dependent on input pin "S[4]"
    Warning (15610): No output dependent on input pin "S[5]"
    Warning (15610): No output dependent on input pin "S[6]"
    Warning (15610): No output dependent on input pin "S[7]"
    Warning (15610): No output dependent on input pin "S[8]"
    Warning (15610): No output dependent on input pin "S[9]"
    Warning (15610): No output dependent on input pin "S[10]"
    Warning (15610): No output dependent on input pin "S[11]"
    Warning (15610): No output dependent on input pin "S[12]"
    Warning (15610): No output dependent on input pin "S[13]"
    Warning (15610): No output dependent on input pin "S[14]"
    Warning (15610): No output dependent on input pin "S[15]"
Info (21057): Implemented 110 device resources after synthesis - the final resource count might be different
    Info (21058): Implemented 20 input pins
    Info (21059): Implemented 65 output pins
    Info (21060): Implemented 16 bidirectional pins
    Info (21061): Implemented 9 logic cells
Info: Quartus II 64-Bit Analysis & Synthesis was successful. 0 errors, 98 warnings
    Info: Peak virtual memory: 681 megabytes
    Info: Processing ended: Sun Feb 19 08:49:38 2017
    Info: Elapsed time: 00:00:17
    Info: Total CPU time (on all processors): 00:00:38


+------------------------------------------+
; Analysis & Synthesis Suppressed Messages ;
+------------------------------------------+
The suppressed messages can be found in C:/Users/Suicheng Zhan/Desktop/385/ece385/output_files/lc3_processor.map.smsg.


